This is pdfTeX, Version 3.14159265-2.6-1.40.21 (TeX Live 2020/W32TeX) (preloaded format=pdflatex 2021.4.1)  30 JUL 2021 01:51
entering extended mode
 restricted \write18 enabled.
 %&-line parsing enabled.
**gun_series.tex
(./gun_series.tex
LaTeX2e <2020-10-01> patch level 4
L3 programming layer <2021-02-18> (c:/Users/DELL/AppData/Roaming/TinyTeX/texmf-
dist/tex/latex/base/article.cls
Document Class: article 2020/04/10 v1.4m Standard LaTeX document class
(c:/Users/DELL/AppData/Roaming/TinyTeX/texmf-dist/tex/latex/base/size10.clo
File: size10.clo 2020/04/10 v1.4m Standard LaTeX file (size option)
)
\c@part=\count179
\c@section=\count180
\c@subsection=\count181
\c@subsubsection=\count182
\c@paragraph=\count183
\c@subparagraph=\count184
\c@figure=\count185
\c@table=\count186
\abovecaptionskip=\skip47
\belowcaptionskip=\skip48
\bibindent=\dimen138
) (c:/Users/DELL/AppData/Roaming/TinyTeX/texmf-dist/tex/latex/lm/lmodern.sty
Package: lmodern 2009/10/30 v1.6 Latin Modern Fonts
LaTeX Font Info:    Overwriting symbol font `operators' in version `normal'
(Font)                  OT1/cmr/m/n --> OT1/lmr/m/n on input line 22.
LaTeX Font Info:    Overwriting symbol font `letters' in version `normal'
(Font)                  OML/cmm/m/it --> OML/lmm/m/it on input line 23.
LaTeX Font Info:    Overwriting symbol font `symbols' in version `normal'
(Font)                  OMS/cmsy/m/n --> OMS/lmsy/m/n on input line 24.
LaTeX Font Info:    Overwriting symbol font `largesymbols' in version `normal'
(Font)                  OMX/cmex/m/n --> OMX/lmex/m/n on input line 25.
LaTeX Font Info:    Overwriting symbol font `operators' in version `bold'
(Font)                  OT1/cmr/bx/n --> OT1/lmr/bx/n on input line 26.
LaTeX Font Info:    Overwriting symbol font `letters' in version `bold'
(Font)                  OML/cmm/b/it --> OML/lmm/b/it on input line 27.
LaTeX Font Info:    Overwriting symbol font `symbols' in version `bold'
(Font)                  OMS/cmsy/b/n --> OMS/lmsy/b/n on input line 28.
LaTeX Font Info:    Overwriting symbol font `largesymbols' in version `bold'
(Font)                  OMX/cmex/m/n --> OMX/lmex/m/n on input line 29.
LaTeX Font Info:    Overwriting math alphabet `\mathbf' in version `normal'
(Font)                  OT1/cmr/bx/n --> OT1/lmr/bx/n on input line 31.
LaTeX Font Info:    Overwriting math alphabet `\mathsf' in version `normal'
(Font)                  OT1/cmss/m/n --> OT1/lmss/m/n on input line 32.
LaTeX Font Info:    Overwriting math alphabet `\mathit' in version `normal'
(Font)                  OT1/cmr/m/it --> OT1/lmr/m/it on input line 33.
LaTeX Font Info:    Overwriting math alphabet `\mathtt' in version `normal'
(Font)                  OT1/cmtt/m/n --> OT1/lmtt/m/n on input line 34.
LaTeX Font Info:    Overwriting math alphabet `\mathbf' in version `bold'
(Font)                  OT1/cmr/bx/n --> OT1/lmr/bx/n on input line 35.
LaTeX Font Info:    Overwriting math alphabet `\mathsf' in version `bold'
(Font)                  OT1/cmss/bx/n --> OT1/lmss/bx/n on input line 36.
LaTeX Font Info:    Overwriting math alphabet `\mathit' in version `bold'
(Font)                  OT1/cmr/bx/it --> OT1/lmr/bx/it on input line 37.
LaTeX Font Info:    Overwriting math alphabet `\mathtt' in version `bold'
(Font)                  OT1/cmtt/m/n --> OT1/lmtt/m/n on input line 38.
)
(c:/Users/DELL/AppData/Roaming/TinyTeX/texmf-dist/tex/latex/amsmath/amsmath.sty
Package: amsmath 2020/09/23 v2.17i AMS math features
\@mathmargin=\skip49
For additional information on amsmath, use the `?' option.

(c:/Users/DELL/AppData/Roaming/TinyTeX/texmf-dist/tex/latex/amsmath/amstext.sty
Package: amstext 2000/06/29 v2.01 AMS text
(c:/Users/DELL/AppData/Roaming/TinyTeX/texmf-dist/tex/latex/amsmath/amsgen.sty
File: amsgen.sty 1999/11/30 v2.0 generic functions
\@emptytoks=\toks15
\ex@=\dimen139
)) (c:/Users/DELL/AppData/Roaming/TinyTeX/texmf-dist/tex/latex/amsmath/amsbsy.s
ty
Package: amsbsy 1999/11/29 v1.2d Bold Symbols
\pmbraise@=\dimen140
) (c:/Users/DELL/AppData/Roaming/TinyTeX/texmf-dist/tex/latex/amsmath/amsopn.st
y
Package: amsopn 2016/03/08 v2.02 operator names
)
\inf@bad=\count187
LaTeX Info: Redefining \frac on input line 234.
\uproot@=\count188
\leftroot@=\count189
LaTeX Info: Redefining \overline on input line 399.
\classnum@=\count190
\DOTSCASE@=\count191
LaTeX Info: Redefining \ldots on input line 496.
LaTeX Info: Redefining \dots on input line 499.
LaTeX Info: Redefining \cdots on input line 620.
\Mathstrutbox@=\box47
\strutbox@=\box48
\big@size=\dimen141
LaTeX Font Info:    Redeclaring font encoding OML on input line 743.
LaTeX Font Info:    Redeclaring font encoding OMS on input line 744.
\macc@depth=\count192
\c@MaxMatrixCols=\count193
\dotsspace@=\muskip16
\c@parentequation=\count194
\dspbrk@lvl=\count195
\tag@help=\toks16
\row@=\count196
\column@=\count197
\maxfields@=\count198
\andhelp@=\toks17
\eqnshift@=\dimen142
\alignsep@=\dimen143
\tagshift@=\dimen144
\tagwidth@=\dimen145
\totwidth@=\dimen146
\lineht@=\dimen147
\@envbody=\toks18
\multlinegap=\skip50
\multlinetaggap=\skip51
\mathdisplay@stack=\toks19
LaTeX Info: Redefining \[ on input line 2923.
LaTeX Info: Redefining \] on input line 2924.
)
(c:/Users/DELL/AppData/Roaming/TinyTeX/texmf-dist/tex/generic/iftex/ifxetex.sty
Package: ifxetex 2019/10/25 v0.7 ifxetex legacy package. Use iftex instead.
(c:/Users/DELL/AppData/Roaming/TinyTeX/texmf-dist/tex/generic/iftex/iftex.sty
Package: iftex 2020/03/06 v1.0d TeX engine tests
))
(c:/Users/DELL/AppData/Roaming/TinyTeX/texmf-dist/tex/generic/iftex/ifluatex.st
y
Package: ifluatex 2019/10/25 v1.5 ifluatex legacy package. Use iftex instead.
) (c:/Users/DELL/AppData/Roaming/TinyTeX/texmf-dist/tex/latex/base/fontenc.sty
Package: fontenc 2020/08/10 v2.0s Standard LaTeX package
LaTeX Font Info:    Trying to load font information for T1+lmr on input line 11
2.
(c:/Users/DELL/AppData/Roaming/TinyTeX/texmf-dist/tex/latex/lm/t1lmr.fd
File: t1lmr.fd 2009/10/30 v1.6 Font defs for Latin Modern
)) (c:/Users/DELL/AppData/Roaming/TinyTeX/texmf-dist/tex/latex/base/inputenc.st
y
Package: inputenc 2020/08/01 v1.3d Input encoding file
\inpenc@prehook=\toks20
\inpenc@posthook=\toks21
) (c:/Users/DELL/AppData/Roaming/TinyTeX/texmf-dist/tex/latex/base/textcomp.sty
Package: textcomp 2020/02/02 v2.0n Standard LaTeX package
)
(c:/Users/DELL/AppData/Roaming/TinyTeX/texmf-dist/tex/latex/amsfonts/amssymb.st
y
Package: amssymb 2013/01/14 v3.01 AMS font symbols

(c:/Users/DELL/AppData/Roaming/TinyTeX/texmf-dist/tex/latex/amsfonts/amsfonts.s
ty
Package: amsfonts 2013/01/14 v3.01 Basic AMSFonts support
\symAMSa=\mathgroup4
\symAMSb=\mathgroup5
LaTeX Font Info:    Redeclaring math symbol \hbar on input line 98.
LaTeX Font Info:    Overwriting math alphabet `\mathfrak' in version `bold'
(Font)                  U/euf/m/n --> U/euf/b/n on input line 106.
)) (c:/Users/DELL/AppData/Roaming/TinyTeX/texmf-dist/tex/latex/xcolor/xcolor.st
y
Package: xcolor 2016/05/11 v2.12 LaTeX color extensions (UK)

(c:/Users/DELL/AppData/Roaming/TinyTeX/texmf-dist/tex/latex/graphics-cfg/color.
cfg
File: color.cfg 2016/01/02 v1.6 sample color configuration
)
Package xcolor Info: Driver file: pdftex.def on input line 225.

(c:/Users/DELL/AppData/Roaming/TinyTeX/texmf-dist/tex/latex/graphics-def/pdftex
.def
File: pdftex.def 2020/10/05 v1.2a Graphics/color driver for pdftex
)
Package xcolor Info: Model `cmy' substituted by `cmy0' on input line 1348.
Package xcolor Info: Model `hsb' substituted by `rgb' on input line 1352.
Package xcolor Info: Model `RGB' extended on input line 1364.
Package xcolor Info: Model `HTML' substituted by `rgb' on input line 1366.
Package xcolor Info: Model `Hsb' substituted by `hsb' on input line 1367.
Package xcolor Info: Model `tHsb' substituted by `hsb' on input line 1368.
Package xcolor Info: Model `HSB' substituted by `hsb' on input line 1369.
Package xcolor Info: Model `Gray' substituted by `gray' on input line 1370.
Package xcolor Info: Model `wave' substituted by `hsb' on input line 1371.
)
(c:/Users/DELL/AppData/Roaming/TinyTeX/texmf-dist/tex/latex/hyperref/hyperref.s
ty
Package: hyperref 2021-02-27 v7.00k Hypertext links for LaTeX

(c:/Users/DELL/AppData/Roaming/TinyTeX/texmf-dist/tex/generic/ltxcmds/ltxcmds.s
ty
Package: ltxcmds 2020-05-10 v1.25 LaTeX kernel commands for general use (HO)
)
(c:/Users/DELL/AppData/Roaming/TinyTeX/texmf-dist/tex/generic/pdftexcmds/pdftex
cmds.sty
Package: pdftexcmds 2020-06-27 v0.33 Utility functions of pdfTeX for LuaTeX (HO
)

(c:/Users/DELL/AppData/Roaming/TinyTeX/texmf-dist/tex/generic/infwarerr/infware
rr.sty
Package: infwarerr 2019/12/03 v1.5 Providing info/warning/error messages (HO)
)
Package pdftexcmds Info: \pdf@primitive is available.
Package pdftexcmds Info: \pdf@ifprimitive is available.
Package pdftexcmds Info: \pdfdraftmode found.
)
(c:/Users/DELL/AppData/Roaming/TinyTeX/texmf-dist/tex/latex/graphics/keyval.sty
Package: keyval 2014/10/28 v1.15 key=value parser (DPC)
\KV@toks@=\toks22
)
(c:/Users/DELL/AppData/Roaming/TinyTeX/texmf-dist/tex/generic/kvsetkeys/kvsetke
ys.sty
Package: kvsetkeys 2019/12/15 v1.18 Key value parser (HO)
)
(c:/Users/DELL/AppData/Roaming/TinyTeX/texmf-dist/tex/generic/kvdefinekeys/kvde
finekeys.sty
Package: kvdefinekeys 2019-12-19 v1.6 Define keys (HO)
)
(c:/Users/DELL/AppData/Roaming/TinyTeX/texmf-dist/tex/generic/pdfescape/pdfesca
pe.sty
Package: pdfescape 2019/12/09 v1.15 Implements pdfTeX's escape features (HO)
)
(c:/Users/DELL/AppData/Roaming/TinyTeX/texmf-dist/tex/latex/hycolor/hycolor.sty
Package: hycolor 2020-01-27 v1.10 Color options for hyperref/bookmark (HO)
)
(c:/Users/DELL/AppData/Roaming/TinyTeX/texmf-dist/tex/latex/letltxmacro/letltxm
acro.sty
Package: letltxmacro 2019/12/03 v1.6 Let assignment for LaTeX macros (HO)
)
(c:/Users/DELL/AppData/Roaming/TinyTeX/texmf-dist/tex/latex/auxhook/auxhook.sty
Package: auxhook 2019-12-17 v1.6 Hooks for auxiliary files (HO)
)
(c:/Users/DELL/AppData/Roaming/TinyTeX/texmf-dist/tex/latex/kvoptions/kvoptions
.sty
Package: kvoptions 2020-10-07 v3.14 Key value format for package options (HO)
)
\@linkdim=\dimen148
\Hy@linkcounter=\count199
\Hy@pagecounter=\count266

(c:/Users/DELL/AppData/Roaming/TinyTeX/texmf-dist/tex/latex/hyperref/pd1enc.def
File: pd1enc.def 2021-02-27 v7.00k Hyperref: PDFDocEncoding definition (HO)
Now handling font encoding PD1 ...
... no UTF-8 mapping file for font encoding PD1
)
(c:/Users/DELL/AppData/Roaming/TinyTeX/texmf-dist/tex/latex/hyperref/hyperref-l
angpatches.def
File: hyperref-langpatches.def 2021-02-27 v7.00k Hyperref: patches for babel la
nguages
)
(c:/Users/DELL/AppData/Roaming/TinyTeX/texmf-dist/tex/generic/intcalc/intcalc.s
ty
Package: intcalc 2019/12/15 v1.3 Expandable calculations with integers (HO)
)
(c:/Users/DELL/AppData/Roaming/TinyTeX/texmf-dist/tex/generic/etexcmds/etexcmds
.sty
Package: etexcmds 2019/12/15 v1.7 Avoid name clashes with e-TeX commands (HO)
)
\Hy@SavedSpaceFactor=\count267
(c:/Users/DELL/AppData/Roaming/TinyTeX/texmf-dist/tex/latex/hyperref/puenc.def
File: puenc.def 2021-02-27 v7.00k Hyperref: PDF Unicode definition (HO)
Now handling font encoding PU ...
... no UTF-8 mapping file for font encoding PU
)
Package hyperref Info: Option `unicode' set `true' on input line 4073.
Package hyperref Info: Hyper figures OFF on input line 4192.
Package hyperref Info: Link nesting OFF on input line 4197.
Package hyperref Info: Hyper index ON on input line 4200.
Package hyperref Info: Plain pages OFF on input line 4207.
Package hyperref Info: Backreferencing OFF on input line 4212.
Package hyperref Info: Implicit mode ON; LaTeX internals redefined.
Package hyperref Info: Bookmarks ON on input line 4445.
\c@Hy@tempcnt=\count268
(c:/Users/DELL/AppData/Roaming/TinyTeX/texmf-dist/tex/latex/url/url.sty
\Urlmuskip=\muskip17
Package: url 2013/09/16  ver 3.4  Verb mode for urls, etc.
)
LaTeX Info: Redefining \url on input line 4804.
\XeTeXLinkMargin=\dimen149

(c:/Users/DELL/AppData/Roaming/TinyTeX/texmf-dist/tex/generic/bitset/bitset.sty
Package: bitset 2019/12/09 v1.3 Handle bit-vector datatype (HO)

(c:/Users/DELL/AppData/Roaming/TinyTeX/texmf-dist/tex/generic/bigintcalc/bigint
calc.sty
Package: bigintcalc 2019/12/15 v1.5 Expandable calculations on big integers (HO
)
))
\Fld@menulength=\count269
\Field@Width=\dimen150
\Fld@charsize=\dimen151
Package hyperref Info: Hyper figures OFF on input line 6075.
Package hyperref Info: Link nesting OFF on input line 6080.
Package hyperref Info: Hyper index ON on input line 6083.
Package hyperref Info: backreferencing OFF on input line 6090.
Package hyperref Info: Link coloring OFF on input line 6095.
Package hyperref Info: Link coloring with OCG OFF on input line 6100.
Package hyperref Info: PDF/A mode OFF on input line 6105.
LaTeX Info: Redefining \ref on input line 6145.
LaTeX Info: Redefining \pageref on input line 6149.

(c:/Users/DELL/AppData/Roaming/TinyTeX/texmf-dist/tex/latex/base/atbegshi-ltx.s
ty
Package: atbegshi-ltx 2020/08/17 v1.0a Emulation of the original atbegshi packa
ge
with kernel methods
)
\Hy@abspage=\count270
\c@Item=\count271
\c@Hfootnote=\count272
)
Package hyperref Info: Driver (autodetected): hpdftex.

(c:/Users/DELL/AppData/Roaming/TinyTeX/texmf-dist/tex/latex/hyperref/hpdftex.de
f
File: hpdftex.def 2021-02-27 v7.00k Hyperref driver for pdfTeX

(c:/Users/DELL/AppData/Roaming/TinyTeX/texmf-dist/tex/latex/base/atveryend-ltx.
sty
Package: atveryend-ltx 2020/08/19 v1.0a Emulation of the original atvery packag
e
with kernel methods
)
\Fld@listcount=\count273
\c@bookmark@seq@number=\count274

(c:/Users/DELL/AppData/Roaming/TinyTeX/texmf-dist/tex/latex/rerunfilecheck/reru
nfilecheck.sty
Package: rerunfilecheck 2019/12/05 v1.9 Rerun checks for auxiliary files (HO)

(c:/Users/DELL/AppData/Roaming/TinyTeX/texmf-dist/tex/generic/uniquecounter/uni
quecounter.sty
Package: uniquecounter 2019/12/15 v1.4 Provide unlimited unique counter (HO)
)
Package uniquecounter Info: New unique counter `rerunfilecheck' on input line 2
86.
)
\Hy@SectionHShift=\skip52
)
(c:/Users/DELL/AppData/Roaming/TinyTeX/texmf-dist/tex/latex/geometry/geometry.s
ty
Package: geometry 2020/01/02 v5.9 Page Geometry
(c:/Users/DELL/AppData/Roaming/TinyTeX/texmf-dist/tex/generic/iftex/ifvtex.sty
Package: ifvtex 2019/10/25 v1.7 ifvtex legacy package. Use iftex instead.
)
\Gm@cnth=\count275
\Gm@cntv=\count276
\c@Gm@tempcnt=\count277
\Gm@bindingoffset=\dimen152
\Gm@wd@mp=\dimen153
\Gm@odd@mp=\dimen154
\Gm@even@mp=\dimen155
\Gm@layoutwidth=\dimen156
\Gm@layoutheight=\dimen157
\Gm@layouthoffset=\dimen158
\Gm@layoutvoffset=\dimen159
\Gm@dimlist=\toks23
)
(c:/Users/DELL/AppData/Roaming/TinyTeX/texmf-dist/tex/latex/fancyvrb/fancyvrb.s
ty
Package: fancyvrb 2021/01/20 v3.7 verbatim text (tvz,hv)
\FV@CodeLineNo=\count278
\FV@InFile=\read2
\FV@TabBox=\box49
\c@FancyVerbLine=\count279
\FV@StepNumber=\count280
\FV@OutFile=\write3
) (c:/Users/DELL/AppData/Roaming/TinyTeX/texmf-dist/tex/latex/framed/framed.sty
Package: framed 2011/10/22 v 0.96: framed or shaded text with page breaks
\OuterFrameSep=\skip53
\fb@frw=\dimen160
\fb@frh=\dimen161
\FrameRule=\dimen162
\FrameSep=\dimen163
)
(c:/Users/DELL/AppData/Roaming/TinyTeX/texmf-dist/tex/latex/graphics/graphicx.s
ty
Package: graphicx 2020/09/09 v1.2b Enhanced LaTeX Graphics (DPC,SPQR)

(c:/Users/DELL/AppData/Roaming/TinyTeX/texmf-dist/tex/latex/graphics/graphics.s
ty
Package: graphics 2020/08/30 v1.4c Standard LaTeX Graphics (DPC,SPQR)
(c:/Users/DELL/AppData/Roaming/TinyTeX/texmf-dist/tex/latex/graphics/trig.sty
Package: trig 2016/01/03 v1.10 sin cos tan (DPC)
)
(c:/Users/DELL/AppData/Roaming/TinyTeX/texmf-dist/tex/latex/graphics-cfg/graphi
cs.cfg
File: graphics.cfg 2016/06/04 v1.11 sample graphics configuration
)
Package graphics Info: Driver file: pdftex.def on input line 105.
)
\Gin@req@height=\dimen164
\Gin@req@width=\dimen165
) (c:/Users/DELL/AppData/Roaming/TinyTeX/texmf-dist/tex/latex/tools/dcolumn.sty
Package: dcolumn 2014/10/28 v1.06 decimal alignment package (DPC)
(c:/Users/DELL/AppData/Roaming/TinyTeX/texmf-dist/tex/latex/tools/array.sty
Package: array 2020/10/01 v2.5c Tabular extension package (FMi)
\col@sep=\dimen166
\ar@mcellbox=\box50
\extrarowheight=\dimen167
\NC@list=\toks24
\extratabsurround=\skip54
\backup@length=\skip55
\ar@cellbox=\box51
))
(c:/Users/DELL/AppData/Roaming/TinyTeX/texmf-dist/tex/latex/l3backend/l3backend
-pdftex.def
File: l3backend-pdftex.def 2021-03-18 L3 backend support: PDF output (pdfTeX)
\l__color_backend_stack_int=\count281
\l__pdf_internal_box=\box52
) (./gun_series.aux

LaTeX Warning: Label `' multiply defined.

)
\openout1 = `gun_series.aux'.

LaTeX Font Info:    Checking defaults for OML/cmm/m/it on input line 112.
LaTeX Font Info:    ... okay on input line 112.
LaTeX Font Info:    Checking defaults for OMS/cmsy/m/n on input line 112.
LaTeX Font Info:    ... okay on input line 112.
LaTeX Font Info:    Checking defaults for OT1/cmr/m/n on input line 112.
LaTeX Font Info:    ... okay on input line 112.
LaTeX Font Info:    Checking defaults for T1/cmr/m/n on input line 112.
LaTeX Font Info:    ... okay on input line 112.
LaTeX Font Info:    Checking defaults for TS1/cmr/m/n on input line 112.
LaTeX Font Info:    ... okay on input line 112.
LaTeX Font Info:    Checking defaults for OMX/cmex/m/n on input line 112.
LaTeX Font Info:    ... okay on input line 112.
LaTeX Font Info:    Checking defaults for U/cmr/m/n on input line 112.
LaTeX Font Info:    ... okay on input line 112.
LaTeX Font Info:    Checking defaults for PD1/pdf/m/n on input line 112.
LaTeX Font Info:    ... okay on input line 112.
LaTeX Font Info:    Checking defaults for PU/pdf/m/n on input line 112.
LaTeX Font Info:    ... okay on input line 112.

(c:/Users/DELL/AppData/Roaming/TinyTeX/texmf-dist/tex/latex/epstopdf-pkg/epstop
df-base.sty
Package: epstopdf-base 2020-01-24 v2.11 Base part for package epstopdf
Package epstopdf-base Info: Redefining graphics rule for `.eps' on input line 4
85.

(c:/Users/DELL/AppData/Roaming/TinyTeX/texmf-dist/tex/latex/latexconfig/epstopd
f-sys.cfg
File: epstopdf-sys.cfg 2010/07/13 v1.3 Configuration of (r)epstopdf for TeX Liv
e
))
Package hyperref Info: Link coloring OFF on input line 112.

(c:/Users/DELL/AppData/Roaming/TinyTeX/texmf-dist/tex/latex/hyperref/nameref.st
y
Package: nameref 2021-04-02 v2.47 Cross-referencing by name of section

(c:/Users/DELL/AppData/Roaming/TinyTeX/texmf-dist/tex/latex/refcount/refcount.s
ty
Package: refcount 2019/12/15 v3.6 Data extraction from label references (HO)
)
(c:/Users/DELL/AppData/Roaming/TinyTeX/texmf-dist/tex/generic/gettitlestring/ge
ttitlestring.sty
Package: gettitlestring 2019/12/15 v1.6 Cleanup title references (HO)
)
\c@section@level=\count282
)
LaTeX Info: Redefining \ref on input line 112.
LaTeX Info: Redefining \pageref on input line 112.
LaTeX Info: Redefining \nameref on input line 112.
(./gun_series.out) (./gun_series.out)
\@outlinefile=\write4
\openout4 = `gun_series.out'.

*geometry* driver: auto-detecting
*geometry* detected driver: pdftex
*geometry* verbose mode - [ preamble ] result:
* driver: pdftex
* paper: <default>
* layout: <same size as paper>
* layoutoffset:(h,v)=(0.0pt,0.0pt)
* modes: 
* h-part:(L,W,R)=(72.26999pt, 469.75502pt, 72.26999pt)
* v-part:(T,H,B)=(72.26999pt, 650.43001pt, 72.26999pt)
* \paperwidth=614.295pt
* \paperheight=794.96999pt
* \textwidth=469.75502pt
* \textheight=650.43001pt
* \oddsidemargin=0.0pt
* \evensidemargin=0.0pt
* \topmargin=-37.0pt
* \headheight=12.0pt
* \headsep=25.0pt
* \topskip=10.0pt
* \footskip=30.0pt
* \marginparwidth=65.0pt
* \marginparsep=11.0pt
* \columnsep=10.0pt
* \skip\footins=9.0pt plus 4.0pt minus 2.0pt
* \hoffset=0.0pt
* \voffset=0.0pt
* \mag=1000
* \@twocolumnfalse
* \@twosidefalse
* \@mparswitchfalse
* \@reversemarginfalse
* (1in=72.27pt=25.4mm, 1cm=28.453pt)

LaTeX Font Info:    Trying to load font information for OT1+lmr on input line 1
14.
(c:/Users/DELL/AppData/Roaming/TinyTeX/texmf-dist/tex/latex/lm/ot1lmr.fd
File: ot1lmr.fd 2009/10/30 v1.6 Font defs for Latin Modern
)
LaTeX Font Info:    Trying to load font information for OML+lmm on input line 1
14.
(c:/Users/DELL/AppData/Roaming/TinyTeX/texmf-dist/tex/latex/lm/omllmm.fd
File: omllmm.fd 2009/10/30 v1.6 Font defs for Latin Modern
)
LaTeX Font Info:    Trying to load font information for OMS+lmsy on input line 
114.
(c:/Users/DELL/AppData/Roaming/TinyTeX/texmf-dist/tex/latex/lm/omslmsy.fd
File: omslmsy.fd 2009/10/30 v1.6 Font defs for Latin Modern
)
LaTeX Font Info:    Trying to load font information for OMX+lmex on input line 
114.
(c:/Users/DELL/AppData/Roaming/TinyTeX/texmf-dist/tex/latex/lm/omxlmex.fd
File: omxlmex.fd 2009/10/30 v1.6 Font defs for Latin Modern
)
LaTeX Font Info:    External font `lmex10' loaded for size
(Font)              <12> on input line 114.
LaTeX Font Info:    External font `lmex10' loaded for size
(Font)              <8> on input line 114.
LaTeX Font Info:    External font `lmex10' loaded for size
(Font)              <6> on input line 114.
LaTeX Font Info:    Trying to load font information for U+msa on input line 114
.
(c:/Users/DELL/AppData/Roaming/TinyTeX/texmf-dist/tex/latex/amsfonts/umsa.fd
File: umsa.fd 2013/01/14 v3.01 AMS symbols A
)
LaTeX Font Info:    Trying to load font information for U+msb on input line 114
.
(c:/Users/DELL/AppData/Roaming/TinyTeX/texmf-dist/tex/latex/amsfonts/umsb.fd
File: umsb.fd 2013/01/14 v3.01 AMS symbols B
)
LaTeX Font Info:    Trying to load font information for T1+lmtt on input line 1
24.
(c:/Users/DELL/AppData/Roaming/TinyTeX/texmf-dist/tex/latex/lm/t1lmtt.fd
File: t1lmtt.fd 2009/10/30 v1.6 Font defs for Latin Modern
)
LaTeX Font Info:    Trying to load font information for TS1+lmtt on input line 
127.
(c:/Users/DELL/AppData/Roaming/TinyTeX/texmf-dist/tex/latex/lm/ts1lmtt.fd
File: ts1lmtt.fd 2009/10/30 v1.6 Font defs for Latin Modern
)
LaTeX Font Info:    Font shape `T1/lmtt/bx/n' in size <10> not available
(Font)              Font shape `T1/lmtt/b/n' tried instead on input line 185.
[1

{c:/Users/DELL/AppData/Roaming/TinyTeX/texmf-var/fonts/map/pdftex/updmap/pdftex
.map}]
Overfull \hbox (10318.08267pt too wide) in paragraph at lines 212--212
[]\T1/lmtt/m/n/10 ##   |                                                       
                       |                                                       
               |   0%  |                                                       
                       |                                                       
               |   1%  |                                                       
                       |=                                                      
               |   1%  |                                                       
                       |=                                                      
               |   2%  |                                                       
                       |==                                                     
               |   2%  |                                                       
                       |==                                                     
               |   3%  |                                                       
                       |==                                                     
               |   4%  |                                                       
                       |===                                                    
               |   4%  |                                                       
                       |===                                                    
               |   5%  |                                                       
                       |====                                                   
               |   5%  |                                                       
                       |====                                                   
               |   6%  |                                                       
                       |=====                                                  
               |   6%  |                                                       
                       |=====                                                  
               |   7%  |                                                       
                       |=====                                                  
               |   8%  |                                                       
                       |======                                                 
               |   8%  |                                                       
                       |======                                                 
               |   9%  |                                                       
                       |=======                                                
               |   9%  |                                                       
                       |=======                                                
               |  10%  |                                                       
                       |=======                                                
               |  11%  |                                                       
                       |========                                               
               |  11%  |                                                       
                       |========                                               
               |  12%  |                                                       
                       |=========                                              
               |  12%  |                                                       
                       |=========                                              
               |  13%  |                                                       
                       |=========                                              
               |  14%  |                                                       
                       |==========                                             
               |  14%  |                                                       
                       |==========                                             
               |  15%  |                                                       
                       |===========                                            
               |  15%  |                                                       
                       |===========                                            
               |  16%  |                                                       
                       |============                                           
               |  16%  |                                                       
                       |============                                           
               |  17%  |                                                       
                       |============                                           
               |  18%  |                                                       
                       |=============                                          
               |  18%  |                                                       
                       |=============                                          
               |  19%  |                                                       
                       |==============                                         
               |  19%  |                                                       
                       |==============                                         
               |  20%  |                                                       
                       |==============                                         
               |  21%  |                                                       
                       |===============                                        
               |  21%  |                                                       
                       |===============                                        
               |  22%  |                                                       
                       |================                                       
               |  22%  |                                                       
                       |================                                       
               |  23%  |                                                       
                       |================                                       
               |  24%  |                                                       
                       |=================                                      
               |  24%  |                                                       
                       |=================                                      
               |  25%  |                                                       
                       |==================                                     
               |  25%  |                                                       
                       |==================                                     
               |  26%  |                                                       
                       |===================                                    
               |  26%  |                                                       
                       |===================                                    
               |  27%  |                                                       
                       |===================                                    
               |  28%  |                                                       
                       |====================                                   
               |  28%  |                                                       
                       |====================                                   
               |  29%  |                                                       
                       |=====================                                  
               |  29%  |                                                       
                       |=====================                                  
               |  30%  |                                                       
                       |=====================                                  
               |  31%  |                                                       
                       |======================                                 
               |  31%  |                                                       
                       |======================                                 
               |  32%  |                                                       
                       |=======================                                
               |  32%  |                                                       
                       |=======================                                
               |  33%  |                                                       
                       |=======================                                
               |  34%  |                                                       
                       |========================                               
               |  34%  |                                                       
                       |========================                               
               |  35%  |                                                       
                       |=========================                              
               |  35%  |                                                       
                       |=========================                              
               |  36%  |                                                       
                       |==========================                             
               |  36%  |                                                       
                       |==========================                             
               |  37%  |                                                       
                       |==========================                             
               |  38%  |                                                       
                       |===========================                            
               |  38%  |                                                       
                       |===========================                            
               |  39%  |                                                       
                       |============================                           
               |  39%  |                                                       
                       |============================                           
               |  40%  |                                                       
                       |============================                           
               |  41%  |                                                       
                       |=============================                          
               |  41%  |                                                       
                       |=============================                          
               |  42%  |                                                       
                       |==============================                         
               |  42%  |                                                       
                       |==============================                         
               |  43%  |                                                       
                       |==============================                         
               |  44%  |                                                       
                       |===============================                        
               |  44%  |                                                       
                       |===============================                        
               |  45%  |                                                       
                       |================================                       
               |  45%  |                                                       
                       |================================                       
               |  46%  |                                                       
                       |=================================                      
               |  46%  |                                                       
                       |=================================                      
               |  47%  |                                                       
                       |=================================                      
               |  48%  |                                                       
                       |==================================                     
               |  48%  |                                                       
                       |==================================                     
               |  49%  |                                                       
                       |===================================                    
               |  49%  |                                                       
                       |===================================                    
               |  50%  |                                                       
                       |===================================                    
               |  51%  |                                                       
                       |====================================                   
               |  51%  |                                                       
                       |====================================                   
               |  52%  |                                                       
                       |=====================================                  
               |  52%  |                                                       
                       |=====================================                  
               |  53%  |                                                       
                       |=====================================                  
               |  54%  |                                                       
                       |======================================                 
               |  54%  |                                                       
                       |======================================                 
               |  55%  |                                                       
                       |=======================================                
               |  55%  |                                                       
                       |=======================================                
               |  56%  |                                                       
                       |========================================               
               |  56%  |                                                       
                       |========================================               
               |  57%  |                                                       
                       |========================================               
               |  58%  |                                                       
                       |=========================================              
               |  58%  |                                                       
                       |=========================================              
               |  59%  |                                                       
                       |==========================================             
               |  59%  |                                                       
                       |==========================================             
               |  60%  |                                                       
                       |==========================================             
               |  61%  |                                                       
                       |===========================================            
               |  61%  |                                                       
                       |===========================================            
               |  62%  |                                                       
                       |============================================           
               |  62%  |                                                       
                       |============================================           
               |  63%  |                                                       
                       |============================================           
               |  64%  |                                                       
                       |=============================================          
               |  64%  |                                                       
                       |=============================================          
               |  65%  |                                                       
                       |==============================================         
               |  65%  |                                                       
                       |==============================================         
               |  66%  |                                                       
                       |===============================================        
               |  66%  |                                                       
                       |===============================================        
               |  67%  |                                                       
                       |===============================================        
               |  68%  |                                                       
                       |================================================       
               |  68%  |                                                       
                       |================================================       
               |  69%  |                                                       
                       |=================================================      
               |  69%  |                                                       
                       |=================================================      
               |  70%  |                                                       
                       |=================================================      
               |  71%  |                                                       
                       |==================================================     
               |  71%  |                                                       
                       |==================================================     
               |  72%  |                                                       
                       |===================================================    
               |  72%  |                                                       
                       |===================================================    
               |  73%  |                                                       
                       |===================================================    
               |  74%  |                                                       
                       |====================================================   
               |  74%  |                                                       
                       |====================================================   
               |  75%  |                                                       
                       |=====================================================  
               |  75%  |                                                       
                       |=====================================================  
               |  76%  |                                                       
                       |====================================================== 
               |  76%  |                                                       
                       |====================================================== 
               |  77%  |                                                       
                       |====================================================== 
               |  78%  |                                                       
                       |=======================================================
               |  78%  |                                                       
                       |=======================================================
               |  79%  |                                                       
                       |=======================================================
=              |  79%  |                                                       
                       |=======================================================
=              |  80%  |                                                       
                       |=======================================================
=              |  81%  |                                                       
                       |=======================================================
==             |  81%  |                                                       
                       |=======================================================
==             |  82%  |                                                       
                       |=======================================================
===            |  82%  |                                                       
                       |=======================================================
===            |  83%  |                                                       
                       |=======================================================
===            |  84%  |                                                       
                       |=======================================================
====           |  84%  |                                                       
                       |=======================================================
====           |  85%  |                                                       
                       |=======================================================
=====          |  85%  |                                                       
                       |=======================================================
=====          |  86%  |                                                       
                       |=======================================================
======         |  86%  |                                                       
                       |=======================================================
======         |  87%  |                                                       
                       |=======================================================
======         |  88%  |                                                       
                       |=======================================================
=======        |  88%  |                                                       
                       |=======================================================
=======        |  89%  |                                                       
                       |=======================================================
========       |  89%  |                                                       
                       |=======================================================
========       |  90%  |                                                       
                       |=======================================================
========       |  91%  |                                                       
                       |=======================================================
=========      |  91%  |                                                       
                       |=======================================================
=========      |  92%  |                                                       
                       |=======================================================
==========     |  92%  |                                                       
                       |=======================================================
==========     |  93%  |                                                       
                       |=======================================================
==========     |  94%  |                                                       
                       |=======================================================
===========    |  94%  |                                                       
                       |=======================================================
===========    |  95%  |                                                       
                       |=======================================================
============   |  95%  |                                                       
                       |=======================================================
============   |  96%  |                                                       
                       |=======================================================
=============  |  96%  |                                                       
                       |=======================================================
=============  |  97%  |                                                       
                       |=======================================================
=============  |  98%  |                                                       
                       |=======================================================
============== |  98%  |                                                       
                       |=======================================================
============== |  99%  |                                                       
                       |=======================================================
===============|  99%  |                                                       
                       |=======================================================
===============| 100%[] 
 []


Overfull \hbox (973.99078pt too wide) in paragraph at lines 229--229
[]\T1/lmtt/m/n/10 ## Reading layer `16cdbbfa-ad10-493c-afaf-52b61f2e76e42020329
-1-180h9ap.whbo' from data source `C:\Users\DELL\Documents\UMN\UMN Projects\Chr
is RA 18_19\Gun Violence MN\mpls_city-shp\16cdbbfa-ad10-493c-afaf-52b61f2e76e42
020329-1-180h9ap.whbo.shp' using driver `ESRI Shapefile'[] 
 []

[2] [3]
Underfull \vbox (badness 10000) detected at line 380
 []


Underfull \vbox (badness 10000) detected at line 380
 []

[4] [5] [6] [7] [8]
Underfull \vbox (badness 10000) detected at line 815
 []


Underfull \vbox (badness 10000) detected at line 815
 []

[9]
Underfull \vbox (badness 10000) detected at line 815
 []


Underfull \vbox (badness 10000) detected at line 815
 []

[10]
Underfull \vbox (badness 10000) detected at line 815
 []


Underfull \vbox (badness 10000) detected at line 815
 []

[11]
Underfull \vbox (badness 10000) detected at line 815
 []


Underfull \vbox (badness 10000) detected at line 815
 []

[12]
<gun_series_files/figure-latex/firearm assaults plot-1.pdf, id=124, 469.755pt x
 325.215pt>
File: gun_series_files/figure-latex/firearm assaults plot-1.pdf Graphic file (t
ype pdf)
<use gun_series_files/figure-latex/firearm assaults plot-1.pdf>
Package pdftex.def Info: gun_series_files/figure-latex/firearm assaults plot-1.
pdf  used on input line 839.
(pdftex.def)             Requested size: 469.75386pt x 325.2142pt.
[13] [14 <./gun_series_files/figure-latex/firearm assaults plot-1.pdf>]
<gun_series_files/figure-latex/time series models-1.pdf, id=141, 469.755pt x 32
5.215pt>
File: gun_series_files/figure-latex/time series models-1.pdf Graphic file (type
 pdf)
<use gun_series_files/figure-latex/time series models-1.pdf>
Package pdftex.def Info: gun_series_files/figure-latex/time series models-1.pdf
  used on input line 898.
(pdftex.def)             Requested size: 469.75386pt x 325.2142pt.
[15 <./gun_series_files/figure-latex/time series models-1.pdf>]
<gun_series_files/figure-latex/time series models-2.pdf, id=153, 469.755pt x 32
5.215pt>
File: gun_series_files/figure-latex/time series models-2.pdf Graphic file (type
 pdf)
<use gun_series_files/figure-latex/time series models-2.pdf>
Package pdftex.def Info: gun_series_files/figure-latex/time series models-2.pdf
  used on input line 956.
(pdftex.def)             Requested size: 469.75386pt x 325.2142pt.
[16]
LaTeX Font Info:    External font `lmex10' loaded for size
(Font)              <10> on input line 990.
LaTeX Font Info:    External font `lmex10' loaded for size
(Font)              <7> on input line 990.
LaTeX Font Info:    External font `lmex10' loaded for size
(Font)              <5> on input line 990.
[17 <./gun_series_files/figure-latex/time series models-2.pdf>]
Underfull \vbox (badness 10000) detected at line 1067
 []


Underfull \vbox (badness 10000) detected at line 1067
 []

[18]
<gun_series_files/figure-latex/prelim maps-1.pdf, id=178, 469.755pt x 325.215pt
>
File: gun_series_files/figure-latex/prelim maps-1.pdf Graphic file (type pdf)
<use gun_series_files/figure-latex/prelim maps-1.pdf>
Package pdftex.def Info: gun_series_files/figure-latex/prelim maps-1.pdf  used 
on input line 1069.
(pdftex.def)             Requested size: 469.75386pt x 325.2142pt.
[19 <./gun_series_files/figure-latex/prelim maps-1.pdf>] [20]
<gun_series_files/figure-latex/panel analysis-1.pdf, id=197, 469.755pt x 325.21
5pt>
File: gun_series_files/figure-latex/panel analysis-1.pdf Graphic file (type pdf
)
<use gun_series_files/figure-latex/panel analysis-1.pdf>
Package pdftex.def Info: gun_series_files/figure-latex/panel analysis-1.pdf  us
ed on input line 1186.
(pdftex.def)             Requested size: 469.75386pt x 325.2142pt.
[21] [22 <./gun_series_files/figure-latex/panel analysis-1.pdf>] [23] [24] [25]
[26] [27]
<gun_series_files/figure-latex/unnamed-chunk-7-1.pdf, id=235, 469.755pt x 325.2
15pt>
File: gun_series_files/figure-latex/unnamed-chunk-7-1.pdf Graphic file (type pd
f)
<use gun_series_files/figure-latex/unnamed-chunk-7-1.pdf>
Package pdftex.def Info: gun_series_files/figure-latex/unnamed-chunk-7-1.pdf  u
sed on input line 1537.
(pdftex.def)             Requested size: 469.75386pt x 325.2142pt.
[28 <./gun_series_files/figure-latex/unnamed-chunk-7-1.pdf>] (./gun_series.aux)

LaTeX Warning: There were multiply-defined labels.

Package rerunfilecheck Info: File `gun_series.out' has not changed.
(rerunfilecheck)             Checksum: AE51FB6C6AC64E0E52E2C7B77CAEDA62;2380.
 ) 
Here is how much of TeX's memory you used:
 10603 strings out of 480962
 156629 string characters out of 5905733
 818155 words of memory out of 5000000
 27577 multiletter control sequences out of 15000+600000
 451244 words of font info for 69 fonts, out of 8000000 for 9000
 14 hyphenation exceptions out of 8191
 71i,16n,74p,27038b,467s stack positions out of 5000i,500n,10000p,200000b,80000s
{c:/Users/DELL/AppData/Roaming/TinyTeX/texmf-dist/fonts/enc/dvips/lm/lm-ec.en
c}{c:/Users/DELL/AppData/Roaming/TinyTeX/texmf-dist/fonts/enc/dvips/lm/lm-rm.en
c}{c:/Users/DELL/AppData/Roaming/TinyTeX/texmf-dist/fonts/enc/dvips/lm/lm-maths
y.enc}{c:/Users/DELL/AppData/Roaming/TinyTeX/texmf-dist/fonts/enc/dvips/lm/lm-m
athit.enc}{c:/Users/DELL/AppData/Roaming/TinyTeX/texmf-dist/fonts/enc/dvips/lm/
lm-ts1.enc}<c:/Users/DELL/AppData/Roaming/TinyTeX/texmf-dist/fonts/type1/public
/lm/lmbx12.pfb><c:/Users/DELL/AppData/Roaming/TinyTeX/texmf-dist/fonts/type1/pu
blic/lm/lmmi10.pfb><c:/Users/DELL/AppData/Roaming/TinyTeX/texmf-dist/fonts/type
1/public/lm/lmr10.pfb><c:/Users/DELL/AppData/Roaming/TinyTeX/texmf-dist/fonts/t
ype1/public/lm/lmr12.pfb><c:/Users/DELL/AppData/Roaming/TinyTeX/texmf-dist/font
s/type1/public/lm/lmr17.pfb><c:/Users/DELL/AppData/Roaming/TinyTeX/texmf-dist/f
onts/type1/public/lm/lmr7.pfb><c:/Users/DELL/AppData/Roaming/TinyTeX/texmf-dist
/fonts/type1/public/lm/lmri10.pfb><c:/Users/DELL/AppData/Roaming/TinyTeX/texmf-
dist/fonts/type1/public/lm/lmsy10.pfb><c:/Users/DELL/AppData/Roaming/TinyTeX/te
xmf-dist/fonts/type1/public/lm/lmsy7.pfb><c:/Users/DELL/AppData/Roaming/TinyTeX
/texmf-dist/fonts/type1/public/lm/lmtk10.pfb><c:/Users/DELL/AppData/Roaming/Tin
yTeX/texmf-dist/fonts/type1/public/lm/lmtt10.pfb><c:/Users/DELL/AppData/Roaming
/TinyTeX/texmf-dist/fonts/type1/public/lm/lmtti10.pfb>
Output written on gun_series.pdf (28 pages, 321756 bytes).
PDF statistics:
 309 PDF objects out of 1000 (max. 8388607)
 250 compressed objects within 3 object streams
 57 named destinations out of 1000 (max. 500000)
 135 words of extra memory for PDF output out of 10000 (max. 10000000)

