This is pdfTeX, Version 3.141592653-2.6-1.40.25 (MiKTeX 23.10.12) (preloaded format=pdflatex 2023.10.24)  15 MAR 2024 11:07
entering extended mode
 restricted \write18 enabled.
 %&-line parsing enabled.
**./car_jacking_preliminary_tract.tex
(car_jacking_preliminary_tract.tex
LaTeX2e <2023-06-01> patch level 1
L3 programming layer <2023-10-10>
(C:\Program Files\MiKTeX\tex/latex/base\article.cls
Document Class: article 2023/05/17 v1.4n Standard LaTeX document class
(C:\Program Files\MiKTeX\tex/latex/base\size10.clo
File: size10.clo 2023/05/17 v1.4n Standard LaTeX file (size option)
)
\c@part=\count185
\c@section=\count186
\c@subsection=\count187
\c@subsubsection=\count188
\c@paragraph=\count189
\c@subparagraph=\count190
\c@figure=\count191
\c@table=\count192
\abovecaptionskip=\skip48
\belowcaptionskip=\skip49
\bibindent=\dimen140
) (C:\Program Files\MiKTeX\tex/latex/amsmath\amsmath.sty
Package: amsmath 2023/05/13 v2.17o AMS math features
\@mathmargin=\skip50
For additional information on amsmath, use the `?' option.
(C:\Program Files\MiKTeX\tex/latex/amsmath\amstext.sty
Package: amstext 2021/08/26 v2.01 AMS text
(C:\Program Files\MiKTeX\tex/latex/amsmath\amsgen.sty
File: amsgen.sty 1999/11/30 v2.0 generic functions
\@emptytoks=\toks17
\ex@=\dimen141
)) (C:\Program Files\MiKTeX\tex/latex/amsmath\amsbsy.sty
Package: amsbsy 1999/11/29 v1.2d Bold Symbols
\pmbraise@=\dimen142
) (C:\Program Files\MiKTeX\tex/latex/amsmath\amsopn.sty
Package: amsopn 2022/04/08 v2.04 operator names
)
\inf@bad=\count193
LaTeX Info: Redefining \frac on input line 234.
\uproot@=\count194
\leftroot@=\count195
LaTeX Info: Redefining \overline on input line 399.
LaTeX Info: Redefining \colon on input line 410.
\classnum@=\count196
\DOTSCASE@=\count197
LaTeX Info: Redefining \ldots on input line 496.
LaTeX Info: Redefining \dots on input line 499.
LaTeX Info: Redefining \cdots on input line 620.
\Mathstrutbox@=\box51
\strutbox@=\box52
LaTeX Info: Redefining \big on input line 722.
LaTeX Info: Redefining \Big on input line 723.
LaTeX Info: Redefining \bigg on input line 724.
LaTeX Info: Redefining \Bigg on input line 725.
\big@size=\dimen143
LaTeX Font Info:    Redeclaring font encoding OML on input line 743.
LaTeX Font Info:    Redeclaring font encoding OMS on input line 744.
\macc@depth=\count198
LaTeX Info: Redefining \bmod on input line 905.
LaTeX Info: Redefining \pmod on input line 910.
LaTeX Info: Redefining \smash on input line 940.
LaTeX Info: Redefining \relbar on input line 970.
LaTeX Info: Redefining \Relbar on input line 971.
\c@MaxMatrixCols=\count199
\dotsspace@=\muskip16
\c@parentequation=\count266
\dspbrk@lvl=\count267
\tag@help=\toks18
\row@=\count268
\column@=\count269
\maxfields@=\count270
\andhelp@=\toks19
\eqnshift@=\dimen144
\alignsep@=\dimen145
\tagshift@=\dimen146
\tagwidth@=\dimen147
\totwidth@=\dimen148
\lineht@=\dimen149
\@envbody=\toks20
\multlinegap=\skip51
\multlinetaggap=\skip52
\mathdisplay@stack=\toks21
LaTeX Info: Redefining \[ on input line 2953.
LaTeX Info: Redefining \] on input line 2954.
) (C:\Program Files\MiKTeX\tex/latex/amsfonts\amssymb.sty
Package: amssymb 2013/01/14 v3.01 AMS font symbols
(C:\Program Files\MiKTeX\tex/latex/amsfonts\amsfonts.sty
Package: amsfonts 2013/01/14 v3.01 Basic AMSFonts support
\symAMSa=\mathgroup4
\symAMSb=\mathgroup5
LaTeX Font Info:    Redeclaring math symbol \hbar on input line 98.
LaTeX Font Info:    Overwriting math alphabet `\mathfrak' in version `bold'
(Font)                  U/euf/m/n --> U/euf/b/n on input line 106.
)) (C:\Program Files\MiKTeX\tex/generic/iftex\iftex.sty
Package: iftex 2022/02/03 v1.0f TeX engine tests
) (C:\Program Files\MiKTeX\tex/latex/base\fontenc.sty
Package: fontenc 2021/04/29 v2.0v Standard LaTeX package
) (C:\Program Files\MiKTeX\tex/latex/base\inputenc.sty
Package: inputenc 2021/02/14 v1.3d Input encoding file
\inpenc@prehook=\toks22
\inpenc@posthook=\toks23
) (C:\Program Files\MiKTeX\tex/latex/base\textcomp.sty
Package: textcomp 2020/02/02 v2.0n Standard LaTeX package
) (C:\Program Files\MiKTeX\tex/latex/lm\lmodern.sty
Package: lmodern 2015/05/01 v1.6.1 Latin Modern Fonts
LaTeX Font Info:    Overwriting symbol font `operators' in version `normal'
(Font)                  OT1/cmr/m/n --> OT1/lmr/m/n on input line 22.
LaTeX Font Info:    Overwriting symbol font `letters' in version `normal'
(Font)                  OML/cmm/m/it --> OML/lmm/m/it on input line 23.
LaTeX Font Info:    Overwriting symbol font `symbols' in version `normal'
(Font)                  OMS/cmsy/m/n --> OMS/lmsy/m/n on input line 24.
LaTeX Font Info:    Overwriting symbol font `largesymbols' in version `normal'
(Font)                  OMX/cmex/m/n --> OMX/lmex/m/n on input line 25.
LaTeX Font Info:    Overwriting symbol font `operators' in version `bold'
(Font)                  OT1/cmr/bx/n --> OT1/lmr/bx/n on input line 26.
LaTeX Font Info:    Overwriting symbol font `letters' in version `bold'
(Font)                  OML/cmm/b/it --> OML/lmm/b/it on input line 27.
LaTeX Font Info:    Overwriting symbol font `symbols' in version `bold'
(Font)                  OMS/cmsy/b/n --> OMS/lmsy/b/n on input line 28.
LaTeX Font Info:    Overwriting symbol font `largesymbols' in version `bold'
(Font)                  OMX/cmex/m/n --> OMX/lmex/m/n on input line 29.
LaTeX Font Info:    Overwriting math alphabet `\mathbf' in version `normal'
(Font)                  OT1/cmr/bx/n --> OT1/lmr/bx/n on input line 31.
LaTeX Font Info:    Overwriting math alphabet `\mathsf' in version `normal'
(Font)                  OT1/cmss/m/n --> OT1/lmss/m/n on input line 32.
LaTeX Font Info:    Overwriting math alphabet `\mathit' in version `normal'
(Font)                  OT1/cmr/m/it --> OT1/lmr/m/it on input line 33.
LaTeX Font Info:    Overwriting math alphabet `\mathtt' in version `normal'
(Font)                  OT1/cmtt/m/n --> OT1/lmtt/m/n on input line 34.
LaTeX Font Info:    Overwriting math alphabet `\mathbf' in version `bold'
(Font)                  OT1/cmr/bx/n --> OT1/lmr/bx/n on input line 35.
LaTeX Font Info:    Overwriting math alphabet `\mathsf' in version `bold'
(Font)                  OT1/cmss/bx/n --> OT1/lmss/bx/n on input line 36.
LaTeX Font Info:    Overwriting math alphabet `\mathit' in version `bold'
(Font)                  OT1/cmr/bx/it --> OT1/lmr/bx/it on input line 37.
LaTeX Font Info:    Overwriting math alphabet `\mathtt' in version `bold'
(Font)                  OT1/cmtt/m/n --> OT1/lmtt/m/n on input line 38.
) (C:\Users\rlarson21\AppData\Roaming\MiKTeX\tex/latex/upquote\upquote.sty
Package: upquote 2012/04/19 v1.3 upright-quote and grave-accent glyphs in verba
tim
) (C:\Users\rlarson21\AppData\Roaming\MiKTeX\tex/latex/microtype\microtype.sty
Package: microtype 2023/03/13 v3.1a Micro-typographical refinements (RS)
(C:\Program Files\MiKTeX\tex/latex/graphics\keyval.sty
Package: keyval 2022/05/29 v1.15 key=value parser (DPC)
\KV@toks@=\toks24
) (C:\Program Files\MiKTeX\tex/latex/etoolbox\etoolbox.sty
Package: etoolbox 2020/10/05 v2.5k e-TeX tools for LaTeX (JAW)
\etb@tempcnta=\count271
)
\MT@toks=\toks25
\MT@tempbox=\box53
\MT@count=\count272
LaTeX Info: Redefining \noprotrusionifhmode on input line 1059.
LaTeX Info: Redefining \leftprotrusion on input line 1060.
\MT@prot@toks=\toks26
LaTeX Info: Redefining \rightprotrusion on input line 1078.
LaTeX Info: Redefining \textls on input line 1368.
\MT@outer@kern=\dimen150
LaTeX Info: Redefining \textmicrotypecontext on input line 1988.
\MT@listname@count=\count273

(C:\Users\rlarson21\AppData\Roaming\MiKTeX\tex/latex/microtype\microtype-pdftex
.def
File: microtype-pdftex.def 2023/03/13 v3.1a Definitions specific to pdftex (RS)

LaTeX Info: Redefining \lsstyle on input line 902.
LaTeX Info: Redefining \lslig on input line 902.
\MT@outer@space=\skip53
)
Package microtype Info: Loading configuration file microtype.cfg.
(C:\Users\rlarson21\AppData\Roaming\MiKTeX\tex/latex/microtype\microtype.cfg
File: microtype.cfg 2023/03/13 v3.1a microtype main configuration file (RS)
)) (C:\Users\rlarson21\AppData\Roaming\MiKTeX\tex/latex/parskip\parskip.sty
Package: parskip 2021-03-14 v2.0h non-zero parskip adjustments
(C:\Users\rlarson21\AppData\Roaming\MiKTeX\tex/latex/kvoptions\kvoptions.sty
Package: kvoptions 2022-06-15 v3.15 Key value format for package options (HO)
(C:\Users\rlarson21\AppData\Roaming\MiKTeX\tex/generic/ltxcmds\ltxcmds.sty
Package: ltxcmds 2020-05-10 v1.25 LaTeX kernel commands for general use (HO)
) (C:\Users\rlarson21\AppData\Roaming\MiKTeX\tex/latex/kvsetkeys\kvsetkeys.sty
Package: kvsetkeys 2022-10-05 v1.19 Key value parser (HO)
))) (C:\Program Files\MiKTeX\tex/latex/xcolor\xcolor.sty
Package: xcolor 2022/06/12 v2.14 LaTeX color extensions (UK)
(C:\Program Files\MiKTeX\tex/latex/graphics-cfg\color.cfg
File: color.cfg 2016/01/02 v1.6 sample color configuration
)
Package xcolor Info: Driver file: pdftex.def on input line 227.
(C:\Program Files\MiKTeX\tex/latex/graphics-def\pdftex.def
File: pdftex.def 2022/09/22 v1.2b Graphics/color driver for pdftex
) (C:\Program Files\MiKTeX\tex/latex/graphics\mathcolor.ltx)
Package xcolor Info: Model `cmy' substituted by `cmy0' on input line 1353.
Package xcolor Info: Model `hsb' substituted by `rgb' on input line 1357.
Package xcolor Info: Model `RGB' extended on input line 1369.
Package xcolor Info: Model `HTML' substituted by `rgb' on input line 1371.
Package xcolor Info: Model `Hsb' substituted by `hsb' on input line 1372.
Package xcolor Info: Model `tHsb' substituted by `hsb' on input line 1373.
Package xcolor Info: Model `HSB' substituted by `hsb' on input line 1374.
Package xcolor Info: Model `Gray' substituted by `gray' on input line 1375.
Package xcolor Info: Model `wave' substituted by `hsb' on input line 1376.
) (C:\Users\rlarson21\AppData\Roaming\MiKTeX\tex/latex/geometry\geometry.sty
Package: geometry 2020/01/02 v5.9 Page Geometry
(C:\Program Files\MiKTeX\tex/generic/iftex\ifvtex.sty
Package: ifvtex 2019/10/25 v1.7 ifvtex legacy package. Use iftex instead.
)
\Gm@cnth=\count274
\Gm@cntv=\count275
\c@Gm@tempcnt=\count276
\Gm@bindingoffset=\dimen151
\Gm@wd@mp=\dimen152
\Gm@odd@mp=\dimen153
\Gm@even@mp=\dimen154
\Gm@layoutwidth=\dimen155
\Gm@layoutheight=\dimen156
\Gm@layouthoffset=\dimen157
\Gm@layoutvoffset=\dimen158
\Gm@dimlist=\toks27
(C:\Users\rlarson21\AppData\Roaming\MiKTeX\tex/latex/geometry\geometry.cfg)) (C
:\Users\rlarson21\AppData\Roaming\MiKTeX\tex/latex/fancyvrb\fancyvrb.sty
Package: fancyvrb 2023/01/19 4.5a verbatim text (tvz,hv)
\FV@CodeLineNo=\count277
\FV@InFile=\read2
\FV@TabBox=\box54
\c@FancyVerbLine=\count278
\FV@StepNumber=\count279
\FV@OutFile=\write3
) (C:\Users\rlarson21\AppData\Roaming\MiKTeX\tex/latex/framed\framed.sty
Package: framed 2011/10/22 v 0.96: framed or shaded text with page breaks
\OuterFrameSep=\skip54
\fb@frw=\dimen159
\fb@frh=\dimen160
\FrameRule=\dimen161
\FrameSep=\dimen162
) (C:\Program Files\MiKTeX\tex/latex/graphics\graphicx.sty
Package: graphicx 2021/09/16 v1.2d Enhanced LaTeX Graphics (DPC,SPQR)
(C:\Program Files\MiKTeX\tex/latex/graphics\graphics.sty
Package: graphics 2022/03/10 v1.4e Standard LaTeX Graphics (DPC,SPQR)
(C:\Program Files\MiKTeX\tex/latex/graphics\trig.sty
Package: trig 2021/08/11 v1.11 sin cos tan (DPC)
) (C:\Program Files\MiKTeX\tex/latex/graphics-cfg\graphics.cfg
File: graphics.cfg 2016/06/04 v1.11 sample graphics configuration
)
Package graphics Info: Driver file: pdftex.def on input line 107.
)
\Gin@req@height=\dimen163
\Gin@req@width=\dimen164
) (C:\Program Files\MiKTeX\tex/latex/tools\dcolumn.sty
Package: dcolumn 2014/10/28 v1.06 decimal alignment package (DPC)
(C:\Program Files\MiKTeX\tex/latex/tools\array.sty
Package: array 2022/09/04 v2.5g Tabular extension package (FMi)
\col@sep=\dimen165
\ar@mcellbox=\box55
\extrarowheight=\dimen166
\NC@list=\toks28
\extratabsurround=\skip55
\backup@length=\skip56
\ar@cellbox=\box56
)) (C:\Users\rlarson21\AppData\Roaming\MiKTeX\tex/latex/bookmark\bookmark.sty
Package: bookmark 2020-11-06 v1.29 PDF bookmarks (HO)
(C:\Program Files\MiKTeX\tex/latex/hyperref\hyperref.sty
Package: hyperref 2023-07-08 v7.01b Hypertext links for LaTeX
(C:\Program Files\MiKTeX\tex/generic/pdftexcmds\pdftexcmds.sty
Package: pdftexcmds 2020-06-27 v0.33 Utility functions of pdfTeX for LuaTeX (HO
)
(C:\Users\rlarson21\AppData\Roaming\MiKTeX\tex/generic/infwarerr\infwarerr.sty
Package: infwarerr 2019/12/03 v1.5 Providing info/warning/error messages (HO)
)
Package pdftexcmds Info: \pdf@primitive is available.
Package pdftexcmds Info: \pdf@ifprimitive is available.
Package pdftexcmds Info: \pdfdraftmode found.
)
(C:\Users\rlarson21\AppData\Roaming\MiKTeX\tex/generic/kvdefinekeys\kvdefinekey
s.sty
Package: kvdefinekeys 2019-12-19 v1.6 Define keys (HO)
) (C:\Users\rlarson21\AppData\Roaming\MiKTeX\tex/generic/pdfescape\pdfescape.st
y
Package: pdfescape 2019/12/09 v1.15 Implements pdfTeX's escape features (HO)
) (C:\Users\rlarson21\AppData\Roaming\MiKTeX\tex/latex/hycolor\hycolor.sty
Package: hycolor 2020-01-27 v1.10 Color options for hyperref/bookmark (HO)
)
(C:\Users\rlarson21\AppData\Roaming\MiKTeX\tex/latex/letltxmacro\letltxmacro.st
y
Package: letltxmacro 2019/12/03 v1.6 Let assignment for LaTeX macros (HO)
) (C:\Users\rlarson21\AppData\Roaming\MiKTeX\tex/latex/auxhook\auxhook.sty
Package: auxhook 2019-12-17 v1.6 Hooks for auxiliary files (HO)
) (C:\Program Files\MiKTeX\tex/latex/hyperref\nameref.sty
Package: nameref 2023-08-07 v2.53 Cross-referencing by name of section
(C:\Users\rlarson21\AppData\Roaming\MiKTeX\tex/latex/refcount\refcount.sty
Package: refcount 2019/12/15 v3.6 Data extraction from label references (HO)
)
(C:\Users\rlarson21\AppData\Roaming\MiKTeX\tex/generic/gettitlestring\gettitles
tring.sty
Package: gettitlestring 2019/12/15 v1.6 Cleanup title references (HO)
)
\c@section@level=\count280
)
\@linkdim=\dimen167
\Hy@linkcounter=\count281
\Hy@pagecounter=\count282
(C:\Program Files\MiKTeX\tex/latex/hyperref\pd1enc.def
File: pd1enc.def 2023-07-08 v7.01b Hyperref: PDFDocEncoding definition (HO)
Now handling font encoding PD1 ...
... no UTF-8 mapping file for font encoding PD1
) (C:\Users\rlarson21\AppData\Roaming\MiKTeX\tex/generic/intcalc\intcalc.sty
Package: intcalc 2019/12/15 v1.3 Expandable calculations with integers (HO)
)
\Hy@SavedSpaceFactor=\count283
(C:\Program Files\MiKTeX\tex/latex/hyperref\puenc.def
File: puenc.def 2023-07-08 v7.01b Hyperref: PDF Unicode definition (HO)
Now handling font encoding PU ...
... no UTF-8 mapping file for font encoding PU
)
Package hyperref Info: Option `unicode' set `true' on input line 4050.
Package hyperref Info: Hyper figures OFF on input line 4167.
Package hyperref Info: Link nesting OFF on input line 4172.
Package hyperref Info: Hyper index ON on input line 4175.
Package hyperref Info: Plain pages OFF on input line 4182.
Package hyperref Info: Backreferencing OFF on input line 4187.
Package hyperref Info: Implicit mode ON; LaTeX internals redefined.
Package hyperref Info: Bookmarks ON on input line 4434.
\c@Hy@tempcnt=\count284
(C:\Program Files\MiKTeX\tex/latex/url\url.sty
\Urlmuskip=\muskip17
Package: url 2013/09/16  ver 3.4  Verb mode for urls, etc.
)
LaTeX Info: Redefining \url on input line 4772.
\XeTeXLinkMargin=\dimen168
(C:\Users\rlarson21\AppData\Roaming\MiKTeX\tex/generic/bitset\bitset.sty
Package: bitset 2019/12/09 v1.3 Handle bit-vector datatype (HO)

(C:\Users\rlarson21\AppData\Roaming\MiKTeX\tex/generic/bigintcalc\bigintcalc.st
y
Package: bigintcalc 2019/12/15 v1.5 Expandable calculations on big integers (HO
)
))
\Fld@menulength=\count285
\Field@Width=\dimen169
\Fld@charsize=\dimen170
Package hyperref Info: Hyper figures OFF on input line 6051.
Package hyperref Info: Link nesting OFF on input line 6056.
Package hyperref Info: Hyper index ON on input line 6059.
Package hyperref Info: backreferencing OFF on input line 6066.
Package hyperref Info: Link coloring OFF on input line 6071.
Package hyperref Info: Link coloring with OCG OFF on input line 6076.
Package hyperref Info: PDF/A mode OFF on input line 6081.
(C:\Program Files\MiKTeX\tex/latex/base\atbegshi-ltx.sty
Package: atbegshi-ltx 2021/01/10 v1.0c Emulation of the original atbegshi
package with kernel methods
)
\Hy@abspage=\count286
\c@Item=\count287
\c@Hfootnote=\count288
)
Package hyperref Info: Driver (autodetected): hpdftex.
(C:\Program Files\MiKTeX\tex/latex/hyperref\hpdftex.def
File: hpdftex.def 2023-07-08 v7.01b Hyperref driver for pdfTeX
(C:\Program Files\MiKTeX\tex/latex/base\atveryend-ltx.sty
Package: atveryend-ltx 2020/08/19 v1.0a Emulation of the original atveryend pac
kage
with kernel methods
)
\Fld@listcount=\count289
\c@bookmark@seq@number=\count290

(C:\Users\rlarson21\AppData\Roaming\MiKTeX\tex/latex/rerunfilecheck\rerunfilech
eck.sty
Package: rerunfilecheck 2022-07-10 v1.10 Rerun checks for auxiliary files (HO)

(C:\Users\rlarson21\AppData\Roaming\MiKTeX\tex/generic/uniquecounter\uniquecoun
ter.sty
Package: uniquecounter 2019/12/15 v1.4 Provide unlimited unique counter (HO)
)
Package uniquecounter Info: New unique counter `rerunfilecheck' on input line 2
85.
)
\Hy@SectionHShift=\skip57
) (C:\Users\rlarson21\AppData\Roaming\MiKTeX\tex/latex/bookmark\bkm-pdftex.def
File: bkm-pdftex.def 2020-11-06 v1.29 bookmark driver for pdfTeX (HO)
\BKM@id=\count291
)) (C:\Users\rlarson21\AppData\Roaming\MiKTeX\tex/latex/xurl\xurl.sty
Package: xurl 2022/01/09 v 0.10 modify URL breaks
)
LaTeX Font Info:    Trying to load font information for T1+lmr on input line 11
4.
(C:\Program Files\MiKTeX\tex/latex/lm\t1lmr.fd
File: t1lmr.fd 2015/05/01 v1.6.1 Font defs for Latin Modern
) (C:\Program Files\MiKTeX\tex/latex/l3backend\l3backend-pdftex.def
File: l3backend-pdftex.def 2023-10-10 L3 backend support: PDF output (pdfTeX)
\l__color_backend_stack_int=\count292
\l__pdf_internal_box=\box57
) (car_jacking_preliminary_tract.aux

LaTeX Warning: Label `' multiply defined.


LaTeX Warning: Label `' multiply defined.

)
\openout1 = `car_jacking_preliminary_tract.aux'.

LaTeX Font Info:    Checking defaults for OML/cmm/m/it on input line 114.
LaTeX Font Info:    ... okay on input line 114.
LaTeX Font Info:    Checking defaults for OMS/cmsy/m/n on input line 114.
LaTeX Font Info:    ... okay on input line 114.
LaTeX Font Info:    Checking defaults for OT1/cmr/m/n on input line 114.
LaTeX Font Info:    ... okay on input line 114.
LaTeX Font Info:    Checking defaults for T1/cmr/m/n on input line 114.
LaTeX Font Info:    ... okay on input line 114.
LaTeX Font Info:    Checking defaults for TS1/cmr/m/n on input line 114.
LaTeX Font Info:    ... okay on input line 114.
LaTeX Font Info:    Checking defaults for OMX/cmex/m/n on input line 114.
LaTeX Font Info:    ... okay on input line 114.
LaTeX Font Info:    Checking defaults for U/cmr/m/n on input line 114.
LaTeX Font Info:    ... okay on input line 114.
LaTeX Font Info:    Checking defaults for PD1/pdf/m/n on input line 114.
LaTeX Font Info:    ... okay on input line 114.
LaTeX Font Info:    Checking defaults for PU/pdf/m/n on input line 114.
LaTeX Font Info:    ... okay on input line 114.
LaTeX Info: Redefining \microtypecontext on input line 114.
Package microtype Info: Applying patch `item' on input line 114.
Package microtype Info: Applying patch `toc' on input line 114.
Package microtype Info: Applying patch `eqnum' on input line 114.
Package microtype Info: Applying patch `footnote' on input line 114.
Package microtype Info: Applying patch `verbatim' on input line 114.
Package microtype Info: Generating PDF output.
Package microtype Info: Character protrusion enabled (level 2).
Package microtype Info: Using protrusion set `basicmath'.
Package microtype Info: Automatic font expansion enabled (level 2),
(microtype)             stretch: 20, shrink: 20, step: 1, non-selected.
Package microtype Info: Using default expansion set `alltext-nott'.
LaTeX Info: Redefining \showhyphens on input line 114.
Package microtype Info: No adjustment of tracking.
Package microtype Info: No adjustment of interword spacing.
Package microtype Info: No adjustment of character kerning.
(C:\Users\rlarson21\AppData\Roaming\MiKTeX\tex/latex/microtype\mt-cmr.cfg
File: mt-cmr.cfg 2013/05/19 v2.2 microtype config. file: Computer Modern Roman 
(RS)
) (C:\Program Files\MiKTeX\tex/context/base/mkii\supp-pdf.mkii
[Loading MPS to PDF converter (version 2006.09.02).]
\scratchcounter=\count293
\scratchdimen=\dimen171
\scratchbox=\box58
\nofMPsegments=\count294
\nofMParguments=\count295
\everyMPshowfont=\toks29
\MPscratchCnt=\count296
\MPscratchDim=\dimen172
\MPnumerator=\count297
\makeMPintoPDFobject=\count298
\everyMPtoPDFconversion=\toks30
) (C:\Program Files\MiKTeX\tex/latex/epstopdf-pkg\epstopdf-base.sty
Package: epstopdf-base 2020-01-24 v2.11 Base part for package epstopdf
Package epstopdf-base Info: Redefining graphics rule for `.eps' on input line 4
85.
(C:\Program Files\MiKTeX\tex/latex/00miktex\epstopdf-sys.cfg
File: epstopdf-sys.cfg 2021/03/18 v2.0 Configuration of epstopdf for MiKTeX
))
*geometry* driver: auto-detecting
*geometry* detected driver: pdftex
*geometry* verbose mode - [ preamble ] result:
* driver: pdftex
* paper: <default>
* layout: <same size as paper>
* layoutoffset:(h,v)=(0.0pt,0.0pt)
* modes: 
* h-part:(L,W,R)=(72.26999pt, 469.75502pt, 72.26999pt)
* v-part:(T,H,B)=(72.26999pt, 650.43001pt, 72.26999pt)
* \paperwidth=614.295pt
* \paperheight=794.96999pt
* \textwidth=469.75502pt
* \textheight=650.43001pt
* \oddsidemargin=0.0pt
* \evensidemargin=0.0pt
* \topmargin=-37.0pt
* \headheight=12.0pt
* \headsep=25.0pt
* \topskip=10.0pt
* \footskip=30.0pt
* \marginparwidth=65.0pt
* \marginparsep=11.0pt
* \columnsep=10.0pt
* \skip\footins=9.0pt plus 4.0pt minus 2.0pt
* \hoffset=0.0pt
* \voffset=0.0pt
* \mag=1000
* \@twocolumnfalse
* \@twosidefalse
* \@mparswitchfalse
* \@reversemarginfalse
* (1in=72.27pt=25.4mm, 1cm=28.453pt)

Package hyperref Info: Link coloring OFF on input line 114.
LaTeX Font Info:    Trying to load font information for OT1+lmr on input line 1
16.
(C:\Program Files\MiKTeX\tex/latex/lm\ot1lmr.fd
File: ot1lmr.fd 2015/05/01 v1.6.1 Font defs for Latin Modern
)
LaTeX Font Info:    Trying to load font information for OML+lmm on input line 1
16.
(C:\Program Files\MiKTeX\tex/latex/lm\omllmm.fd
File: omllmm.fd 2015/05/01 v1.6.1 Font defs for Latin Modern
)
LaTeX Font Info:    Trying to load font information for OMS+lmsy on input line 
116.
(C:\Program Files\MiKTeX\tex/latex/lm\omslmsy.fd
File: omslmsy.fd 2015/05/01 v1.6.1 Font defs for Latin Modern
)
LaTeX Font Info:    Trying to load font information for OMX+lmex on input line 
116.
(C:\Program Files\MiKTeX\tex/latex/lm\omxlmex.fd
File: omxlmex.fd 2015/05/01 v1.6.1 Font defs for Latin Modern
)
LaTeX Font Info:    External font `lmex10' loaded for size
(Font)              <12> on input line 116.
LaTeX Font Info:    External font `lmex10' loaded for size
(Font)              <8> on input line 116.
LaTeX Font Info:    External font `lmex10' loaded for size
(Font)              <6> on input line 116.
LaTeX Font Info:    Trying to load font information for U+msa on input line 116
.
(C:\Program Files\MiKTeX\tex/latex/amsfonts\umsa.fd
File: umsa.fd 2013/01/14 v3.01 AMS symbols A
) (C:\Users\rlarson21\AppData\Roaming\MiKTeX\tex/latex/microtype\mt-msa.cfg
File: mt-msa.cfg 2006/02/04 v1.1 microtype config. file: AMS symbols (a) (RS)
)
LaTeX Font Info:    Trying to load font information for U+msb on input line 116
.
(C:\Program Files\MiKTeX\tex/latex/amsfonts\umsb.fd
File: umsb.fd 2013/01/14 v3.01 AMS symbols B
) (C:\Users\rlarson21\AppData\Roaming\MiKTeX\tex/latex/microtype\mt-msb.cfg
File: mt-msb.cfg 2005/06/01 v1.0 microtype config. file: AMS symbols (b) (RS)
)
LaTeX Font Info:    Trying to load font information for T1+lmtt on input line 1
21.
(C:\Program Files\MiKTeX\tex/latex/lm\t1lmtt.fd
File: t1lmtt.fd 2015/05/01 v1.6.1 Font defs for Latin Modern
)
LaTeX Font Info:    Font shape `T1/lmtt/bx/n' in size <10> not available
(Font)              Font shape `T1/lmtt/b/n' tried instead on input line 123.
LaTeX Font Info:    Trying to load font information for TS1+lmtt on input line 
153.
(C:\Program Files\MiKTeX\tex/latex/lm\ts1lmtt.fd
File: ts1lmtt.fd 2015/05/01 v1.6.1 Font defs for Latin Modern
)
Overfull \hbox (748.24144pt too wide) in paragraph at lines 153--153
[]\T1/lmtt/m/n/10 ## Reading layer \TS1/lmtt/m/n/10 `\T1/lmtt/m/n/10 16cdbbfa-a
d10-493c-afaf-52b61f2e76e42020329-1-180h9ap.whbo\TS1/lmtt/m/n/10 ' \T1/lmtt/m/n
/10 from data source \TS1/lmtt/m/n/10 `\T1/lmtt/m/n/10 C:\Users\rlarson21\Docum
ents\Research\Gun-Violence-MN\Data\mpls_city-shp\16cdbbfa-ad10-493c-afaf-52b61f
2e76e42020329-1-180h9ap.whbo.shp\TS1/lmtt/m/n/10 '[] 
 []

[1

{C:/Users/rlarson21/AppData/Local/MiKTeX/fonts/map/pdftex/pdftex.map}{C:/Progra
m Files/MiKTeX/fonts/enc/dvips/lm/lm-ec.enc}{C:/Program Files/MiKTeX/fonts/enc/
dvips/lm/lm-ts1.enc}]
Overfull \hbox (291.49277pt too wide) in paragraph at lines 193--193
[]\T1/lmtt/m/n/10 ## Downloading feature geometry from the Census website.  To 
cache shapefiles for use in future sessions, set \TS1/lmtt/m/n/10 `\T1/lmtt/m/n
/10 options(tigris_use_cache = TRUE)\TS1/lmtt/m/n/10 `\T1/lmtt/m/n/10 .[] 
 []


Overfull \hbox (291.49277pt too wide) in paragraph at lines 216--216
[]\T1/lmtt/m/n/10 ## Downloading feature geometry from the Census website.  To 
cache shapefiles for use in future sessions, set \TS1/lmtt/m/n/10 `\T1/lmtt/m/n
/10 options(tigris_use_cache = TRUE)\TS1/lmtt/m/n/10 `\T1/lmtt/m/n/10 .[] 
 []


Overfull \hbox (291.49277pt too wide) in paragraph at lines 239--239
[]\T1/lmtt/m/n/10 ## Downloading feature geometry from the Census website.  To 
cache shapefiles for use in future sessions, set \TS1/lmtt/m/n/10 `\T1/lmtt/m/n
/10 options(tigris_use_cache = TRUE)\TS1/lmtt/m/n/10 `\T1/lmtt/m/n/10 .[] 
 []


Overfull \hbox (291.49277pt too wide) in paragraph at lines 261--261
[]\T1/lmtt/m/n/10 ## Downloading feature geometry from the Census website.  To 
cache shapefiles for use in future sessions, set \TS1/lmtt/m/n/10 `\T1/lmtt/m/n
/10 options(tigris_use_cache = TRUE)\TS1/lmtt/m/n/10 `\T1/lmtt/m/n/10 .[] 
 []

[2]
Overfull \hbox (10318.08267pt too wide) in paragraph at lines 286--286
[]\T1/lmtt/m/n/10 ##   |                                                       
                       |                                                       
               |   0%  |                                                       
                       |                                                       
               |   1%  |                                                       
                       |=                                                      
               |   1%  |                                                       
                       |=                                                      
               |   2%  |                                                       
                       |==                                                     
               |   2%  |                                                       
                       |==                                                     
               |   3%  |                                                       
                       |==                                                     
               |   4%  |                                                       
                       |===                                                    
               |   4%  |                                                       
                       |===                                                    
               |   5%  |                                                       
                       |====                                                   
               |   5%  |                                                       
                       |====                                                   
               |   6%  |                                                       
                       |=====                                                  
               |   6%  |                                                       
                       |=====                                                  
               |   7%  |                                                       
                       |=====                                                  
               |   8%  |                                                       
                       |======                                                 
               |   8%  |                                                       
                       |======                                                 
               |   9%  |                                                       
                       |=======                                                
               |   9%  |                                                       
                       |=======                                                
               |  10%  |                                                       
                       |=======                                                
               |  11%  |                                                       
                       |========                                               
               |  11%  |                                                       
                       |========                                               
               |  12%  |                                                       
                       |=========                                              
               |  12%  |                                                       
                       |=========                                              
               |  13%  |                                                       
                       |=========                                              
               |  14%  |                                                       
                       |==========                                             
               |  14%  |                                                       
                       |==========                                             
               |  15%  |                                                       
                       |===========                                            
               |  15%  |                                                       
                       |===========                                            
               |  16%  |                                                       
                       |============                                           
               |  16%  |                                                       
                       |============                                           
               |  17%  |                                                       
                       |============                                           
               |  18%  |                                                       
                       |=============                                          
               |  18%  |                                                       
                       |=============                                          
               |  19%  |                                                       
                       |==============                                         
               |  19%  |                                                       
                       |==============                                         
               |  20%  |                                                       
                       |==============                                         
               |  21%  |                                                       
                       |===============                                        
               |  21%  |                                                       
                       |===============                                        
               |  22%  |                                                       
                       |================                                       
               |  22%  |                                                       
                       |================                                       
               |  23%  |                                                       
                       |================                                       
               |  24%  |                                                       
                       |=================                                      
               |  24%  |                                                       
                       |=================                                      
               |  25%  |                                                       
                       |==================                                     
               |  25%  |                                                       
                       |==================                                     
               |  26%  |                                                       
                       |===================                                    
               |  26%  |                                                       
                       |===================                                    
               |  27%  |                                                       
                       |===================                                    
               |  28%  |                                                       
                       |====================                                   
               |  28%  |                                                       
                       |====================                                   
               |  29%  |                                                       
                       |=====================                                  
               |  29%  |                                                       
                       |=====================                                  
               |  30%  |                                                       
                       |=====================                                  
               |  31%  |                                                       
                       |======================                                 
               |  31%  |                                                       
                       |======================                                 
               |  32%  |                                                       
                       |=======================                                
               |  32%  |                                                       
                       |=======================                                
               |  33%  |                                                       
                       |=======================                                
               |  34%  |                                                       
                       |========================                               
               |  34%  |                                                       
                       |========================                               
               |  35%  |                                                       
                       |=========================                              
               |  35%  |                                                       
                       |=========================                              
               |  36%  |                                                       
                       |==========================                             
               |  36%  |                                                       
                       |==========================                             
               |  37%  |                                                       
                       |==========================                             
               |  38%  |                                                       
                       |===========================                            
               |  38%  |                                                       
                       |===========================                            
               |  39%  |                                                       
                       |============================                           
               |  39%  |                                                       
                       |============================                           
               |  40%  |                                                       
                       |============================                           
               |  41%  |                                                       
                       |=============================                          
               |  41%  |                                                       
                       |=============================                          
               |  42%  |                                                       
                       |==============================                         
               |  42%  |                                                       
                       |==============================                         
               |  43%  |                                                       
                       |==============================                         
               |  44%  |                                                       
                       |===============================                        
               |  44%  |                                                       
                       |===============================                        
               |  45%  |                                                       
                       |================================                       
               |  45%  |                                                       
                       |================================                       
               |  46%  |                                                       
                       |=================================                      
               |  46%  |                                                       
                       |=================================                      
               |  47%  |                                                       
                       |=================================                      
               |  48%  |                                                       
                       |==================================                     
               |  48%  |                                                       
                       |==================================                     
               |  49%  |                                                       
                       |===================================                    
               |  49%  |                                                       
                       |===================================                    
               |  50%  |                                                       
                       |===================================                    
               |  51%  |                                                       
                       |====================================                   
               |  51%  |                                                       
                       |====================================                   
               |  52%  |                                                       
                       |=====================================                  
               |  52%  |                                                       
                       |=====================================                  
               |  53%  |                                                       
                       |=====================================                  
               |  54%  |                                                       
                       |======================================                 
               |  54%  |                                                       
                       |======================================                 
               |  55%  |                                                       
                       |=======================================                
               |  55%  |                                                       
                       |=======================================                
               |  56%  |                                                       
                       |========================================               
               |  56%  |                                                       
                       |========================================               
               |  57%  |                                                       
                       |========================================               
               |  58%  |                                                       
                       |=========================================              
               |  58%  |                                                       
                       |=========================================              
               |  59%  |                                                       
                       |==========================================             
               |  59%  |                                                       
                       |==========================================             
               |  60%  |                                                       
                       |==========================================             
               |  61%  |                                                       
                       |===========================================            
               |  61%  |                                                       
                       |===========================================            
               |  62%  |                                                       
                       |============================================           
               |  62%  |                                                       
                       |============================================           
               |  63%  |                                                       
                       |============================================           
               |  64%  |                                                       
                       |=============================================          
               |  64%  |                                                       
                       |=============================================          
               |  65%  |                                                       
                       |==============================================         
               |  65%  |                                                       
                       |==============================================         
               |  66%  |                                                       
                       |===============================================        
               |  66%  |                                                       
                       |===============================================        
               |  67%  |                                                       
                       |===============================================        
               |  68%  |                                                       
                       |================================================       
               |  68%  |                                                       
                       |================================================       
               |  69%  |                                                       
                       |=================================================      
               |  69%  |                                                       
                       |=================================================      
               |  70%  |                                                       
                       |=================================================      
               |  71%  |                                                       
                       |==================================================     
               |  71%  |                                                       
                       |==================================================     
               |  72%  |                                                       
                       |===================================================    
               |  72%  |                                                       
                       |===================================================    
               |  73%  |                                                       
                       |===================================================    
               |  74%  |                                                       
                       |====================================================   
               |  74%  |                                                       
                       |====================================================   
               |  75%  |                                                       
                       |=====================================================  
               |  75%  |                                                       
                       |=====================================================  
               |  76%  |                                                       
                       |====================================================== 
               |  76%  |                                                       
                       |====================================================== 
               |  77%  |                                                       
                       |====================================================== 
               |  78%  |                                                       
                       |=======================================================
               |  78%  |                                                       
                       |=======================================================
               |  79%  |                                                       
                       |=======================================================
=              |  79%  |                                                       
                       |=======================================================
=              |  80%  |                                                       
                       |=======================================================
=              |  81%  |                                                       
                       |=======================================================
==             |  81%  |                                                       
                       |=======================================================
==             |  82%  |                                                       
                       |=======================================================
===            |  82%  |                                                       
                       |=======================================================
===            |  83%  |                                                       
                       |=======================================================
===            |  84%  |                                                       
                       |=======================================================
====           |  84%  |                                                       
                       |=======================================================
====           |  85%  |                                                       
                       |=======================================================
=====          |  85%  |                                                       
                       |=======================================================
=====          |  86%  |                                                       
                       |=======================================================
======         |  86%  |                                                       
                       |=======================================================
======         |  87%  |                                                       
                       |=======================================================
======         |  88%  |                                                       
                       |=======================================================
=======        |  88%  |                                                       
                       |=======================================================
=======        |  89%  |                                                       
                       |=======================================================
========       |  89%  |                                                       
                       |=======================================================
========       |  90%  |                                                       
                       |=======================================================
========       |  91%  |                                                       
                       |=======================================================
=========      |  91%  |                                                       
                       |=======================================================
=========      |  92%  |                                                       
                       |=======================================================
==========     |  92%  |                                                       
                       |=======================================================
==========     |  93%  |                                                       
                       |=======================================================
==========     |  94%  |                                                       
                       |=======================================================
===========    |  94%  |                                                       
                       |=======================================================
===========    |  95%  |                                                       
                       |=======================================================
============   |  95%  |                                                       
                       |=======================================================
============   |  96%  |                                                       
                       |=======================================================
=============  |  96%  |                                                       
                       |=======================================================
=============  |  97%  |                                                       
                       |=======================================================
=============  |  98%  |                                                       
                       |=======================================================
============== |  98%  |                                                       
                       |=======================================================
============== |  99%  |                                                       
                       |=======================================================
===============|  99%  |                                                       
                       |=======================================================
===============| 100%[] 
 []


Underfull \vbox (badness 8113) detected at line 447
 []

[3]
Underfull \vbox (badness 10000) detected at line 447
 []


Underfull \vbox (badness 10000) detected at line 447
 []

[4]
Underfull \vbox (badness 10000) detected at line 447
 []


Underfull \vbox (badness 10000) detected at line 447
 []

[5]
Overfull \hbox (343.99261pt too wide) in paragraph at lines 483--483
[]\T1/lmtt/m/n/10 ## i See https://www.census.gov/library/fact-sheets/2021/prot
ecting-the-confidentiality-of-the-2020-census-redistricting-data.html for addit
ional guidance.[] 
 []

[6] [7]
<car_jacking_preliminary_tract_files/figure-latex/unnamed-chunk-4-1.pdf, id=49,
 469.755pt x 325.215pt>
File: car_jacking_preliminary_tract_files/figure-latex/unnamed-chunk-4-1.pdf Gr
aphic file (type pdf)
<use car_jacking_preliminary_tract_files/figure-latex/unnamed-chunk-4-1.pdf>
Package pdftex.def Info: car_jacking_preliminary_tract_files/figure-latex/unnam
ed-chunk-4-1.pdf  used on input line 632.
(pdftex.def)             Requested size: 469.75386pt x 325.2142pt.
[8 <./car_jacking_preliminary_tract_files/figure-latex/unnamed-chunk-4-1.pdf>] 
[9]
Overfull \hbox (81.49338pt too wide) in paragraph at lines 756--756
[]\T1/lmtt/m/n/10 ## i <https://maps.googleapis.com/maps/api/geocode/json?addre
ss=George+Floyd+Square,+Minneapolis&key=xxx>[] 
 []


Overfull \hbox (81.49338pt too wide) in paragraph at lines 768--768
[]\T1/lmtt/m/n/10 ## i <https://maps.googleapis.com/maps/api/geocode/json?addre
ss=George+Floyd+Square,+Minneapolis&key=xxx>[] 
 []

<car_jacking_preliminary_tract_files/figure-latex/unnamed-chunk-6-1.pdf, id=67,
 469.755pt x 325.215pt>
File: car_jacking_preliminary_tract_files/figure-latex/unnamed-chunk-6-1.pdf Gr
aphic file (type pdf)
<use car_jacking_preliminary_tract_files/figure-latex/unnamed-chunk-6-1.pdf>
Package pdftex.def Info: car_jacking_preliminary_tract_files/figure-latex/unnam
ed-chunk-6-1.pdf  used on input line 789.
(pdftex.def)             Requested size: 469.75386pt x 325.2142pt.
[10] [11 <./car_jacking_preliminary_tract_files/figure-latex/unnamed-chunk-6-1.
pdf>] [12] [13] [14]
<car_jacking_preliminary_tract_files/figure-latex/unnamed-chunk-8-1.pdf, id=101
, 469.755pt x 325.215pt>
File: car_jacking_preliminary_tract_files/figure-latex/unnamed-chunk-8-1.pdf Gr
aphic file (type pdf)
<use car_jacking_preliminary_tract_files/figure-latex/unnamed-chunk-8-1.pdf>
Package pdftex.def Info: car_jacking_preliminary_tract_files/figure-latex/unnam
ed-chunk-8-1.pdf  used on input line 1108.
(pdftex.def)             Requested size: 469.75386pt x 325.2142pt.
[15 <./car_jacking_preliminary_tract_files/figure-latex/unnamed-chunk-8-1.pdf>]
[16]
<car_jacking_preliminary_tract_files/figure-latex/unnamed-chunk-10-1.pdf, id=12
0, 469.755pt x 325.215pt>
File: car_jacking_preliminary_tract_files/figure-latex/unnamed-chunk-10-1.pdf G
raphic file (type pdf)
<use car_jacking_preliminary_tract_files/figure-latex/unnamed-chunk-10-1.pdf>
Package pdftex.def Info: car_jacking_preliminary_tract_files/figure-latex/unnam
ed-chunk-10-1.pdf  used on input line 1222.
(pdftex.def)             Requested size: 469.75386pt x 325.2142pt.
[17 <./car_jacking_preliminary_tract_files/figure-latex/unnamed-chunk-10-1.pdf>
]

LaTeX Font Warning: Font shape `T1/lmtt/bx/it' in size <10> not available
(Font)              Font shape `T1/lmtt/b/sl' tried instead on input line 1330.



LaTeX Font Warning: Font shape `TS1/lmtt/bx/it' in size <10> not available
(Font)              Font shape `TS1/lmtt/b/sl' tried instead on input line 1330
.


Underfull \vbox (badness 1320) detected at line 1462
 []

[18]
Underfull \vbox (badness 10000) detected at line 1462
 []


Underfull \vbox (badness 10000) detected at line 1462
 []

[19]
Underfull \vbox (badness 10000) detected at line 1462
 []


Underfull \vbox (badness 10000) detected at line 1462
 []

[20]
Underfull \vbox (badness 10000) detected at line 1462
 []


Underfull \vbox (badness 10000) detected at line 1462
 []

[21]
<car_jacking_preliminary_tract_files/figure-latex/unnamed-chunk-11-1.pdf, id=15
5, 469.755pt x 325.215pt>
File: car_jacking_preliminary_tract_files/figure-latex/unnamed-chunk-11-1.pdf G
raphic file (type pdf)
<use car_jacking_preliminary_tract_files/figure-latex/unnamed-chunk-11-1.pdf>
Package pdftex.def Info: car_jacking_preliminary_tract_files/figure-latex/unnam
ed-chunk-11-1.pdf  used on input line 1482.
(pdftex.def)             Requested size: 469.75386pt x 325.2142pt.
[22 <./car_jacking_preliminary_tract_files/figure-latex/unnamed-chunk-11-1.pdf>
]
<car_jacking_preliminary_tract_files/figure-latex/unnamed-chunk-12-1.pdf, id=16
5, 469.755pt x 325.215pt>
File: car_jacking_preliminary_tract_files/figure-latex/unnamed-chunk-12-1.pdf G
raphic file (type pdf)
<use car_jacking_preliminary_tract_files/figure-latex/unnamed-chunk-12-1.pdf>
Package pdftex.def Info: car_jacking_preliminary_tract_files/figure-latex/unnam
ed-chunk-12-1.pdf  used on input line 1528.
(pdftex.def)             Requested size: 469.75386pt x 325.2142pt.
[23] [24 <./car_jacking_preliminary_tract_files/figure-latex/unnamed-chunk-12-1
.pdf>]
<car_jacking_preliminary_tract_files/figure-latex/unnamed-chunk-13-1.pdf, id=18
6, 469.755pt x 325.215pt>
File: car_jacking_preliminary_tract_files/figure-latex/unnamed-chunk-13-1.pdf G
raphic file (type pdf)
<use car_jacking_preliminary_tract_files/figure-latex/unnamed-chunk-13-1.pdf>
Package pdftex.def Info: car_jacking_preliminary_tract_files/figure-latex/unnam
ed-chunk-13-1.pdf  used on input line 1603.
(pdftex.def)             Requested size: 469.75386pt x 325.2142pt.
[25 <./car_jacking_preliminary_tract_files/figure-latex/unnamed-chunk-13-1.pdf>
]
<car_jacking_preliminary_tract_files/figure-latex/unnamed-chunk-13-2.pdf, id=19
7, 469.755pt x 325.215pt>
File: car_jacking_preliminary_tract_files/figure-latex/unnamed-chunk-13-2.pdf G
raphic file (type pdf)
<use car_jacking_preliminary_tract_files/figure-latex/unnamed-chunk-13-2.pdf>
Package pdftex.def Info: car_jacking_preliminary_tract_files/figure-latex/unnam
ed-chunk-13-2.pdf  used on input line 1621.
(pdftex.def)             Requested size: 469.75386pt x 325.2142pt.
[26 <./car_jacking_preliminary_tract_files/figure-latex/unnamed-chunk-13-2.pdf>
]
<car_jacking_preliminary_tract_files/figure-latex/unnamed-chunk-13-3.pdf, id=21
0, 469.755pt x 325.215pt>
File: car_jacking_preliminary_tract_files/figure-latex/unnamed-chunk-13-3.pdf G
raphic file (type pdf)
<use car_jacking_preliminary_tract_files/figure-latex/unnamed-chunk-13-3.pdf>
Package pdftex.def Info: car_jacking_preliminary_tract_files/figure-latex/unnam
ed-chunk-13-3.pdf  used on input line 1684.
(pdftex.def)             Requested size: 469.75386pt x 325.2142pt.
[27] [28 <./car_jacking_preliminary_tract_files/figure-latex/unnamed-chunk-13-3
.pdf>]
<car_jacking_preliminary_tract_files/figure-latex/unnamed-chunk-14-1.pdf, id=22
6, 469.755pt x 325.215pt>
File: car_jacking_preliminary_tract_files/figure-latex/unnamed-chunk-14-1.pdf G
raphic file (type pdf)
<use car_jacking_preliminary_tract_files/figure-latex/unnamed-chunk-14-1.pdf>
Package pdftex.def Info: car_jacking_preliminary_tract_files/figure-latex/unnam
ed-chunk-14-1.pdf  used on input line 1736.
(pdftex.def)             Requested size: 469.75386pt x 325.2142pt.
<car_jacking_preliminary_tract_files/figure-latex/unnamed-chunk-14-2.pdf, id=22
7, 469.755pt x 325.215pt>
File: car_jacking_preliminary_tract_files/figure-latex/unnamed-chunk-14-2.pdf G
raphic file (type pdf)
<use car_jacking_preliminary_tract_files/figure-latex/unnamed-chunk-14-2.pdf>
Package pdftex.def Info: car_jacking_preliminary_tract_files/figure-latex/unnam
ed-chunk-14-2.pdf  used on input line 1754.
(pdftex.def)             Requested size: 469.75386pt x 325.2142pt.
[29 <./car_jacking_preliminary_tract_files/figure-latex/unnamed-chunk-14-1.pdf>
]
Underfull \vbox (badness 2012) detected at line 1815
 []

[30 <./car_jacking_preliminary_tract_files/figure-latex/unnamed-chunk-14-2.pdf>
]
<car_jacking_preliminary_tract_files/figure-latex/unnamed-chunk-14-3.pdf, id=24
9, 469.755pt x 325.215pt>
File: car_jacking_preliminary_tract_files/figure-latex/unnamed-chunk-14-3.pdf G
raphic file (type pdf)
<use car_jacking_preliminary_tract_files/figure-latex/unnamed-chunk-14-3.pdf>
Package pdftex.def Info: car_jacking_preliminary_tract_files/figure-latex/unnam
ed-chunk-14-3.pdf  used on input line 1817.
(pdftex.def)             Requested size: 469.75386pt x 325.2142pt.
[31 <./car_jacking_preliminary_tract_files/figure-latex/unnamed-chunk-14-3.pdf>
]
Overfull \hbox (317.74269pt too wide) in paragraph at lines 1889--1889
[]\T1/lmtt/m/n/10 ## Warning in lav_start_check_cov(lavpartable = lavpartable, 
start = start.values): lavaan WARNING: starting values imply NaN for a correlat
ion value;[] 
 []


Overfull \hbox (317.74269pt too wide) in paragraph at lines 1894--1894
[]\T1/lmtt/m/n/10 ## Warning in lav_start_check_cov(lavpartable = lavpartable, 
start = start.values): lavaan WARNING: starting values imply a correlation larg
er than 1;[] 
 []

[32] [33] [34] [35] [36]
Underfull \vbox (badness 10000) detected at line 2215
 []

[37]
<car_jacking_preliminary_tract_files/figure-latex/unnamed-chunk-15-1.pdf, id=28
7, 469.755pt x 325.215pt>
File: car_jacking_preliminary_tract_files/figure-latex/unnamed-chunk-15-1.pdf G
raphic file (type pdf)
<use car_jacking_preliminary_tract_files/figure-latex/unnamed-chunk-15-1.pdf>
Package pdftex.def Info: car_jacking_preliminary_tract_files/figure-latex/unnam
ed-chunk-15-1.pdf  used on input line 2217.
(pdftex.def)             Requested size: 469.75386pt x 325.2142pt.
[38 <./car_jacking_preliminary_tract_files/figure-latex/unnamed-chunk-15-1.pdf>
]
<car_jacking_preliminary_tract_files/figure-latex/CD map-1.pdf, id=301, 469.755
pt x 325.215pt>
File: car_jacking_preliminary_tract_files/figure-latex/CD map-1.pdf Graphic fil
e (type pdf)
<use car_jacking_preliminary_tract_files/figure-latex/CD map-1.pdf>
Package pdftex.def Info: car_jacking_preliminary_tract_files/figure-latex/CD ma
p-1.pdf  used on input line 2299.
(pdftex.def)             Requested size: 469.75386pt x 325.2142pt.
[39]
Underfull \vbox (badness 10000) detected at line 2335
 []

[40 <./car_jacking_preliminary_tract_files/figure-latex/CD map-1.pdf>]
LaTeX Font Info:    External font `lmex10' loaded for size
(Font)              <10> on input line 2340.
LaTeX Font Info:    External font `lmex10' loaded for size
(Font)              <7> on input line 2340.
LaTeX Font Info:    External font `lmex10' loaded for size
(Font)              <5> on input line 2340.

Overfull \hbox (4.5222pt too wide) in paragraph at lines 2340--2356
 [][] 
 []

[41{C:/Program Files/MiKTeX/fonts/enc/dvips/lm/lm-rm.enc}{C:/Program Files/MiKT
eX/fonts/enc/dvips/lm/lm-mathit.enc}{C:/Program Files/MiKTeX/fonts/enc/dvips/lm
/lm-mathsy.enc}]
Overfull \hbox (238.99292pt too wide) in paragraph at lines 2424--2424
[]\T1/lmtt/m/n/10 ## Warning in checkConv(attr(opt, "derivs"), opt$par, ctrl = 
control$checkConv, : Model is nearly unidentifiable: very large eigenvalue[] 
 []

[42]
Underfull \vbox (badness 10000) detected at line 2551
 []

[43]
<car_jacking_preliminary_tract_files/figure-latex/unnamed-chunk-18-1.pdf, id=33
5, 469.755pt x 325.215pt>
File: car_jacking_preliminary_tract_files/figure-latex/unnamed-chunk-18-1.pdf G
raphic file (type pdf)
<use car_jacking_preliminary_tract_files/figure-latex/unnamed-chunk-18-1.pdf>
Package pdftex.def Info: car_jacking_preliminary_tract_files/figure-latex/unnam
ed-chunk-18-1.pdf  used on input line 2557.
(pdftex.def)             Requested size: 469.75386pt x 325.2142pt.
[44 <./car_jacking_preliminary_tract_files/figure-latex/unnamed-chunk-18-1.pdf>
] [45]
Overfull \hbox (23.74355pt too wide) in paragraph at lines 2678--2678
[]\T1/lmtt/m/n/10 ## Note: D.f. calculations have been disabled because the num
ber of observations exceeds 3000.[] 
 []


Overfull \hbox (23.74355pt too wide) in paragraph at lines 2685--2685
[]\T1/lmtt/m/n/10 ## Note: D.f. calculations have been disabled because the num
ber of observations exceeds 3000.[] 
 []

[46]
<car_jacking_preliminary_tract_files/figure-latex/homicide models-1.pdf, id=354
, 469.755pt x 325.215pt>
File: car_jacking_preliminary_tract_files/figure-latex/homicide models-1.pdf Gr
aphic file (type pdf)
<use car_jacking_preliminary_tract_files/figure-latex/homicide models-1.pdf>
Package pdftex.def Info: car_jacking_preliminary_tract_files/figure-latex/homic
ide models-1.pdf  used on input line 2701.
(pdftex.def)             Requested size: 469.75386pt x 325.2142pt.

Overfull \hbox (238.99292pt too wide) in paragraph at lines 2722--2722
[]\T1/lmtt/m/n/10 ## Warning in checkConv(attr(opt, "derivs"), opt$par, ctrl = 
control$checkConv, : Model is nearly unidentifiable: very large eigenvalue[] 
 []

[47 <./car_jacking_preliminary_tract_files/figure-latex/homicide models-1.pdf>]
[48] [49] [50] [51] [52] [53] (car_jacking_preliminary_tract.aux)
 ***********
LaTeX2e <2023-06-01> patch level 1
L3 programming layer <2023-10-10>
 ***********

LaTeX Warning: There were multiply-defined labels.

 ) 
Here is how much of TeX's memory you used:
 14177 strings out of 474823
 228154 string characters out of 5760758
 2317043 words of memory out of 5000000
 35743 multiletter control sequences out of 15000+600000
 617337 words of font info for 113 fonts, out of 8000000 for 9000
 1141 hyphenation exceptions out of 8191
 77i,16n,81p,27059b,742s stack positions out of 10000i,1000n,20000p,200000b,200000s
<C:/Program Files/MiKTeX/fonts/type1/public/lm/lmbx10.pfb><C:/Program Files/M
iKTeX/fonts/type1/public/lm/lmbx12.pfb><C:/Program Files/MiKTeX/fonts/type1/pub
lic/lm/lmbxi10.pfb><C:/Program Files/MiKTeX/fonts/type1/public/lm/lmmi10.pfb><C
:/Program Files/MiKTeX/fonts/type1/public/lm/lmr10.pfb><C:/Program Files/MiKTeX
/fonts/type1/public/lm/lmr12.pfb><C:/Program Files/MiKTeX/fonts/type1/public/lm
/lmr17.pfb><C:/Program Files/MiKTeX/fonts/type1/public/lm/lmr7.pfb><C:/Program 
Files/MiKTeX/fonts/type1/public/lm/lmri10.pfb><C:/Program Files/MiKTeX/fonts/ty
pe1/public/lm/lmsy10.pfb><C:/Program Files/MiKTeX/fonts/type1/public/lm/lmtk10.
pfb><C:/Program Files/MiKTeX/fonts/type1/public/lm/lmtko10.pfb><C:/Program File
s/MiKTeX/fonts/type1/public/lm/lmtt10.pfb><C:/Program Files/MiKTeX/fonts/type1/
public/lm/lmtti10.pfb>
Output written on car_jacking_preliminary_tract.pdf (53 pages, 813443 bytes).
PDF statistics:
 543 PDF objects out of 1000 (max. 8388607)
 95 named destinations out of 1000 (max. 500000)
 30953 words of extra memory for PDF output out of 35830 (max. 10000000)

